INFO - 2024-05-13 00:09:37 --> Session: Class initialized using 'CodeIgniter\Session\Handlers\FileHandler' driver.
INFO - 2024-05-13 00:09:45 --> Session: Class initialized using 'CodeIgniter\Session\Handlers\FileHandler' driver.
INFO - 2024-05-13 00:09:51 --> Session: Class initialized using 'CodeIgniter\Session\Handlers\FileHandler' driver.
INFO - 2024-05-13 00:09:51 --> Session: Class initialized using 'CodeIgniter\Session\Handlers\FileHandler' driver.
INFO - 2024-05-13 00:10:10 --> CSRF token verified.
INFO - 2024-05-13 00:10:11 --> Session: Class initialized using 'CodeIgniter\Session\Handlers\FileHandler' driver.
INFO - 2024-05-13 00:10:11 --> Session: Class initialized using 'CodeIgniter\Session\Handlers\FileHandler' driver.
INFO - 2024-05-13 00:10:16 --> Session: Class initialized using 'CodeIgniter\Session\Handlers\FileHandler' driver.
INFO - 2024-05-13 00:13:53 --> Session: Class initialized using 'CodeIgniter\Session\Handlers\FileHandler' driver.
INFO - 2024-05-13 00:13:58 --> Session: Class initialized using 'CodeIgniter\Session\Handlers\FileHandler' driver.
INFO - 2024-05-13 00:14:07 --> Session: Class initialized using 'CodeIgniter\Session\Handlers\FileHandler' driver.
INFO - 2024-05-13 00:15:03 --> Session: Class initialized using 'CodeIgniter\Session\Handlers\FileHandler' driver.
INFO - 2024-05-13 00:23:34 --> Session: Class initialized using 'CodeIgniter\Session\Handlers\FileHandler' driver.
INFO - 2024-05-13 00:23:35 --> Session: Class initialized using 'CodeIgniter\Session\Handlers\FileHandler' driver.
INFO - 2024-05-13 00:23:37 --> Session: Class initialized using 'CodeIgniter\Session\Handlers\FileHandler' driver.
INFO - 2024-05-13 00:23:40 --> Session: Class initialized using 'CodeIgniter\Session\Handlers\FileHandler' driver.
INFO - 2024-05-13 00:23:48 --> Session: Class initialized using 'CodeIgniter\Session\Handlers\FileHandler' driver.
INFO - 2024-05-13 00:23:51 --> Session: Class initialized using 'CodeIgniter\Session\Handlers\FileHandler' driver.
INFO - 2024-05-13 00:23:56 --> Session: Class initialized using 'CodeIgniter\Session\Handlers\FileHandler' driver.
INFO - 2024-05-13 00:23:58 --> Session: Class initialized using 'CodeIgniter\Session\Handlers\FileHandler' driver.
INFO - 2024-05-13 00:24:02 --> Session: Class initialized using 'CodeIgniter\Session\Handlers\FileHandler' driver.
INFO - 2024-05-13 00:24:04 --> Session: Class initialized using 'CodeIgniter\Session\Handlers\FileHandler' driver.
INFO - 2024-05-13 00:24:11 --> Session: Class initialized using 'CodeIgniter\Session\Handlers\FileHandler' driver.
INFO - 2024-05-13 00:24:19 --> Session: Class initialized using 'CodeIgniter\Session\Handlers\FileHandler' driver.
INFO - 2024-05-13 00:24:27 --> Session: Class initialized using 'CodeIgniter\Session\Handlers\FileHandler' driver.
INFO - 2024-05-13 00:25:24 --> Session: Class initialized using 'CodeIgniter\Session\Handlers\FileHandler' driver.
INFO - 2024-05-13 00:25:33 --> Session: Class initialized using 'CodeIgniter\Session\Handlers\FileHandler' driver.
INFO - 2024-05-13 00:25:39 --> Session: Class initialized using 'CodeIgniter\Session\Handlers\FileHandler' driver.
INFO - 2024-05-13 00:26:56 --> Session: Class initialized using 'CodeIgniter\Session\Handlers\FileHandler' driver.
INFO - 2024-05-13 00:28:37 --> Session: Class initialized using 'CodeIgniter\Session\Handlers\FileHandler' driver.
INFO - 2024-05-13 00:31:52 --> Session: Class initialized using 'CodeIgniter\Session\Handlers\FileHandler' driver.
INFO - 2024-05-13 00:34:06 --> Session: Class initialized using 'CodeIgniter\Session\Handlers\FileHandler' driver.
INFO - 2024-05-13 00:35:44 --> Session: Class initialized using 'CodeIgniter\Session\Handlers\FileHandler' driver.
INFO - 2024-05-13 00:37:31 --> Session: Class initialized using 'CodeIgniter\Session\Handlers\FileHandler' driver.
INFO - 2024-05-13 00:38:19 --> Session: Class initialized using 'CodeIgniter\Session\Handlers\FileHandler' driver.
INFO - 2024-05-13 00:38:35 --> Session: Class initialized using 'CodeIgniter\Session\Handlers\FileHandler' driver.
INFO - 2024-05-13 00:39:45 --> Session: Class initialized using 'CodeIgniter\Session\Handlers\FileHandler' driver.
INFO - 2024-05-13 00:40:33 --> Session: Class initialized using 'CodeIgniter\Session\Handlers\FileHandler' driver.
INFO - 2024-05-13 00:41:31 --> Session: Class initialized using 'CodeIgniter\Session\Handlers\FileHandler' driver.
INFO - 2024-05-13 00:41:46 --> Session: Class initialized using 'CodeIgniter\Session\Handlers\FileHandler' driver.
INFO - 2024-05-13 00:42:46 --> Session: Class initialized using 'CodeIgniter\Session\Handlers\FileHandler' driver.
INFO - 2024-05-13 00:44:03 --> Session: Class initialized using 'CodeIgniter\Session\Handlers\FileHandler' driver.
INFO - 2024-05-13 00:50:19 --> Session: Class initialized using 'CodeIgniter\Session\Handlers\FileHandler' driver.
INFO - 2024-05-13 00:50:33 --> Session: Class initialized using 'CodeIgniter\Session\Handlers\FileHandler' driver.
INFO - 2024-05-13 00:50:39 --> Session: Class initialized using 'CodeIgniter\Session\Handlers\FileHandler' driver.
INFO - 2024-05-13 00:57:00 --> Session: Class initialized using 'CodeIgniter\Session\Handlers\FileHandler' driver.
INFO - 2024-05-13 01:02:30 --> Session: Class initialized using 'CodeIgniter\Session\Handlers\FileHandler' driver.
INFO - 2024-05-13 01:03:45 --> Session: Class initialized using 'CodeIgniter\Session\Handlers\FileHandler' driver.
INFO - 2024-05-13 01:04:15 --> Session: Class initialized using 'CodeIgniter\Session\Handlers\FileHandler' driver.
INFO - 2024-05-13 01:04:29 --> Session: Class initialized using 'CodeIgniter\Session\Handlers\FileHandler' driver.
INFO - 2024-05-13 01:04:32 --> Session: Class initialized using 'CodeIgniter\Session\Handlers\FileHandler' driver.
INFO - 2024-05-13 01:06:23 --> Session: Class initialized using 'CodeIgniter\Session\Handlers\FileHandler' driver.
INFO - 2024-05-13 01:06:55 --> Session: Class initialized using 'CodeIgniter\Session\Handlers\FileHandler' driver.
INFO - 2024-05-13 13:36:31 --> Session: Class initialized using 'CodeIgniter\Session\Handlers\FileHandler' driver.
INFO - 2024-05-13 13:36:37 --> Session: Class initialized using 'CodeIgniter\Session\Handlers\FileHandler' driver.
INFO - 2024-05-13 13:36:37 --> Session: Class initialized using 'CodeIgniter\Session\Handlers\FileHandler' driver.
INFO - 2024-05-13 13:36:46 --> CSRF token verified.
INFO - 2024-05-13 13:36:47 --> Session: Class initialized using 'CodeIgniter\Session\Handlers\FileHandler' driver.
INFO - 2024-05-13 13:36:47 --> Session: Class initialized using 'CodeIgniter\Session\Handlers\FileHandler' driver.
INFO - 2024-05-13 13:36:53 --> Session: Class initialized using 'CodeIgniter\Session\Handlers\FileHandler' driver.
INFO - 2024-05-13 13:36:54 --> Session: Class initialized using 'CodeIgniter\Session\Handlers\FileHandler' driver.
INFO - 2024-05-13 13:36:56 --> Session: Class initialized using 'CodeIgniter\Session\Handlers\FileHandler' driver.
INFO - 2024-05-13 13:36:58 --> Session: Class initialized using 'CodeIgniter\Session\Handlers\FileHandler' driver.
INFO - 2024-05-13 13:37:01 --> Session: Class initialized using 'CodeIgniter\Session\Handlers\FileHandler' driver.
INFO - 2024-05-13 13:43:59 --> Session: Class initialized using 'CodeIgniter\Session\Handlers\FileHandler' driver.
INFO - 2024-05-13 13:44:29 --> Session: Class initialized using 'CodeIgniter\Session\Handlers\FileHandler' driver.
INFO - 2024-05-13 13:44:39 --> Session: Class initialized using 'CodeIgniter\Session\Handlers\FileHandler' driver.
INFO - 2024-05-13 13:44:46 --> Session: Class initialized using 'CodeIgniter\Session\Handlers\FileHandler' driver.
INFO - 2024-05-13 13:47:10 --> Session: Class initialized using 'CodeIgniter\Session\Handlers\FileHandler' driver.
INFO - 2024-05-13 13:47:15 --> Session: Class initialized using 'CodeIgniter\Session\Handlers\FileHandler' driver.
INFO - 2024-05-13 14:28:00 --> Session: Class initialized using 'CodeIgniter\Session\Handlers\FileHandler' driver.
INFO - 2024-05-13 14:28:03 --> Session: Class initialized using 'CodeIgniter\Session\Handlers\FileHandler' driver.
INFO - 2024-05-13 14:30:23 --> Session: Class initialized using 'CodeIgniter\Session\Handlers\FileHandler' driver.
INFO - 2024-05-13 14:30:27 --> Session: Class initialized using 'CodeIgniter\Session\Handlers\FileHandler' driver.
INFO - 2024-05-13 20:06:48 --> Session: Class initialized using 'CodeIgniter\Session\Handlers\FileHandler' driver.
INFO - 2024-05-13 20:06:49 --> Session: Class initialized using 'CodeIgniter\Session\Handlers\FileHandler' driver.
INFO - 2024-05-13 20:07:54 --> Session: Class initialized using 'CodeIgniter\Session\Handlers\FileHandler' driver.
INFO - 2024-05-13 20:08:32 --> CSRF token verified.
CRITICAL - 2024-05-13 20:08:55 --> file_get_contents(https://www.google.com/recaptcha/api/siteverify?secret=6Lek8VwpAAAAAJ6hn3F0BYFMy4u4pAr2VPd2MPYS&amp;response=03AFcWeA7yRc2lZpx_6WnttgQOeneun_F6146iXtihDZ6-6CDVVJp3dA3XDX6iCHD82qZ90lJ_NMFWgxAzySfSwK3hZxdc8sJFmQ_4qTZkkYx3X8d85OhK9nGrwJ9kZZJsL_A4LsVzam6rY3Yj72l3Xdp-IIe1InVxvBL_xnEaWFCX6Z0_C-sPCnsWVnxz09-bhrikk5yzP43e6BMWWl3ps5YNkBRSYNoGzD-yEqewn7QIvUrJqIpvu3T_sC_GVl_JvwXR5Ro9a-fddVs6CLARbDzgZ3_wDreXfloWwt5oKQZ-K1LQUOzUOBm-SDOn45iDrdcBykkdyKOhGj9SAnlFtBzo_NP3mbuwvg732Smzsg1NZ4gbgz6CCU4wCszn6Kes6WrhBV0oqQdbQi5zdPz7FO1e29xYt4qk0poLbcPGFV5FRDRe9PdYh_dD0bKsRKR2WeTNJnrPXzt2NpO5qw9NwJfsqldU7Z-SyfuKx-KNjQA4QtyZ9paCr2DO3hRlHydHwDeZJKi06X1uIyukluhir_zL3JUb1oaCpNRG0osTN39EZLI3ZNIi-GAdCZPJ3IhBBLQpVgBHSgW_6Z6H1CtYzOtb9pi6-OWsosRzcMvr_rppnKTs7d54S1K8fO2ap6Rf79VpNh2Ym3Binb6LgLk46M4zKKjmA1DOl8hCkiZ4uhFPmAL3oujZPBPzcInchz5vweQx30bdSAKFchLdpXnHa8BtxiygSlDJCdWI5D2mzHE-WewB6Zc_zjBAFRASv0gjINSKeThqg6OBEF6BhiO_ReZnK56gvwAoimCvZ5-lNN0-Lvd_jxPfgLj2MVfT9OSlGgYuXjL23m2G8QnW-bYTfZJVQYzrJvHdkEuPaSdSZZu4f4V-FOvMIlIkK5U7d_bv8HrLNHq5tgvDNxVTMtJqILfPreOpMEIeXUnl4Lvz7GvMW7Cc0jFDAGAYtE53rjzSb4KpQnKEjGYtzMMOGTZNrD40XgeATVKntONnLAhxVAhK_kFTtPsjczBZ4ey0ldoMAr17zfwmYXscxdKsnbHuDdL1b2HCt531jmaUjmXIZqZIGMW2-_yU3E7qiutGIlsEKs0KhxWCL7iCz1lPDKw_QONqTKRUPDcWvjYcVkyTKmoQbRukhFBNclbtvPPqBHH6-saHWr8C6snOk_tRuy6Kywq10ilctPHC9xY7NkHw_-wrXIpDUIYg9v9Zue8bwgBwJA0DOvmSbsPrNAgvZC4fL4gXNPJuPpF30OyDDsUb-ywurSz8cGJ_e2qOE9MljEdLQzYTyOmSimy0_uOb7nt4whsj1zltluuzGc8ogOOkhqtGERaCZhZThw1qZKKcx1QS2ydxZzFxlNCe3hHRdpx_oqZdn_arwCSKu7JNPfJR9TRq_B3xoSbRkCwgAtP74arzyLd_GX_D-VyBs3Lsqt6xzgxN_tR6FB61wFYAVXYN0388YwHCvSELpMW30UA7R85abRpODspmqD6gC8OZWJ6WgFtKPWNH5H4Yx9ZZCtMeAJmXJZwFvBrmNqoJCRT31psg_H-w8emye8ZbX9laqkfrJVjPJ6RL7eiX6iqKoF6JRDuXM9UqF9ggSmJVKYi2YeWtI6_ZB150O-JSWnk4O3EqHoZhDkVtKRljW5kaWTl-MtGNN716RdS_RWR-UfJYQYbxTOeSlX-38X1ksCTAdhLx9CxhwF-whRHAG0TScbgIBD1jTOIKuA2BjNE-JKtK0htx1f2PL0JRbi56pLw4G5ZbBIhOEeldTaRgfNOK_S5AOkryJDpzkdIjR3QrUNcYSdlw3uk0XDJGOHVWYbz-4LTbc7LS6wIgQeuk1ID1osN3V6KGcBrInDYM71fNBYbdfShX9PkNZk6ccqO8X5e7jma2RMfSyvjAxF_PCxtVkebR-teJhIyU65Of4EUNY2WRorxrkBF7hEM1BUR_buzFACKOUI24ivg3pD_9muMCTP1cqm1UtKNAmXc7ND743gCjnMJH8HYAeU2LPc0FveeiSSP3JTF-5tNSJqz2kA): Failed to open stream: HTTP request failed!
in APPPATH\Controllers\Autentikasi.php on line 27.
 1 [internal function]: CodeIgniter\Debug\Exceptions->errorHandler(2, 'file_get_contents(https://www.google.com/recaptcha/api/siteverify?secret=6Lek8VwpAAAAAJ6hn3F0BYFMy4u4pAr2VPd2MPYS&amp;response=03AFcWeA7yRc2lZpx_6WnttgQOeneun_F6146iXtihDZ6-6CDVVJp3dA3XDX6iCHD82qZ90lJ_NMFWgxAzySfSwK3hZxdc8sJFmQ_4qTZkkYx3X8d85OhK9nGrwJ9kZZJsL_A4LsVzam6rY3Yj72l3Xdp-IIe1InVxvBL_xnEaWFCX6Z0_C-sPCnsWVnxz09-bhrikk5yzP43e6BMWWl3ps5YNkBRSYNoGzD-yEqewn7QIvUrJqIpvu3T_sC_GVl_JvwXR5Ro9a-fddVs6CLARbDzgZ3_wDreXfloWwt5oKQZ-K1LQUOzUOBm-SDOn45iDrdcBykkdyKOhGj9SAnlFtBzo_NP3mbuwvg732Smzsg1NZ4gbgz6CCU4wCszn6Kes6WrhBV0oqQdbQi5zdPz7FO1e29xYt4qk0poLbcPGFV5FRDRe9PdYh_dD0bKsRKR2WeTNJnrPXzt2NpO5qw9NwJfsqldU7Z-SyfuKx-KNjQA4QtyZ9paCr2DO3hRlHydHwDeZJKi06X1uIyukluhir_zL3JUb1oaCpNRG0osTN39EZLI3ZNIi-GAdCZPJ3IhBBLQpVgBHSgW_6Z6H1CtYzOtb9pi6-OWsosRzcMvr_rppnKTs7d54S1K8fO2ap6Rf79VpNh2Ym3Binb6LgLk46M4zKKjmA1DOl8hCkiZ4uhFPmAL3oujZPBPzcInchz5vweQx30bdSAKFchLdpXnHa8BtxiygSlDJCdWI5D2mzHE-WewB6Zc_zjBAFRASv0gjINSKeThqg6OBEF6BhiO_ReZnK56gvwAoimCvZ5-lNN0-Lvd_jxPfgLj2MVfT9OSlGgYuXjL23m2G8QnW-bYTfZJVQYzrJvHdkEuPaSdSZZu4f4V-FOvMIlIkK5U7d_bv8HrLNHq5tgvDNxVTMtJqILfPreOpMEIeXUnl4Lvz7GvMW7Cc0jFDAGAYtE53rjzSb4KpQnKEjGYtzMMOGTZNrD40XgeATVKntONnLAhxVAhK_kFTtPsjczBZ4ey0ldoMAr17zfwmYXscxdKsnbHuDdL1b2HCt531jmaUjmXIZqZIGMW2-_yU3E7qiutGIlsEKs0KhxWCL7iCz1lPDKw_QONqTKRUPDcWvjYcVkyTKmoQbRukhFBNclbtvPPqBHH6-saHWr8C6snOk_tRuy6Kywq10ilctPHC9xY7NkHw_-wrXIpDUIYg9v9Zue8bwgBwJA0DOvmSbsPrNAgvZC4fL4gXNPJuPpF30OyDDsUb-ywurSz8cGJ_e2qOE9MljEdLQzYTyOmSimy0_uOb7nt4whsj1zltluuzGc8ogOOkhqtGERaCZhZThw1qZKKcx1QS2ydxZzFxlNCe3hHRdpx_oqZdn_arwCSKu7JNPfJR9TRq_B3xoSbRkCwgAtP74arzyLd_GX_D-VyBs3Lsqt6xzgxN_tR6FB61wFYAVXYN0388YwHCvSELpMW30UA7R85abRpODspmqD6gC8OZWJ6WgFtKPWNH5H4Yx9ZZCtMeAJmXJZwFvBrmNqoJCRT31psg_H-w8emye8ZbX9laqkfrJVjPJ6RL7eiX6iqKoF6JRDuXM9UqF9ggSmJVKYi2YeWtI6_ZB150O-JSWnk4O3EqHoZhDkVtKRljW5kaWTl-MtGNN716RdS_RWR-UfJYQYbxTOeSlX-38X1ksCTAdhLx9CxhwF-whRHAG0TScbgIBD1jTOIKuA2BjNE-JKtK0htx1f2PL0JRbi56pLw4G5ZbBIhOEeldTaRgfNOK_S5AOkryJDpzkdIjR3QrUNcYSdlw3uk0XDJGOHVWYbz-4LTbc7LS6wIgQeuk1ID1osN3V6KGcBrInDYM71fNBYbdfShX9PkNZk6ccqO8X5e7jma2RMfSyvjAxF_PCxtVkebR-teJhIyU65Of4EUNY2WRorxrkBF7hEM1BUR_buzFACKOUI24ivg3pD_9muMCTP1cqm1UtKNAmXc7ND743gCjnMJH8HYAeU2LPc0FveeiSSP3JTF-5tNSJqz2kA): Failed to open stream: HTTP request failed!', 'C:\\Users\\agung\\Documents\\MATERI SEMESTER 7\\TugasAkhir\\KodeProgramDestask\\Destask\\app\\Controllers\\Autentikasi.php', 27)
 2 APPPATH\Controllers\Autentikasi.php(27): file_get_contents('https://www.google.com/recaptcha/api/siteverify?secret=6Lek8VwpAAAAAJ6hn3F0BYFMy4u4pAr2VPd2MPYS&response=03AFcWeA7yRc2lZpx_6WnttgQOeneun_F6146iXtihDZ6-6CDVVJp3dA3XDX6iCHD82qZ90lJ_NMFWgxAzySfSwK3hZxdc8sJFmQ_4qTZkkYx3X8d85OhK9nGrwJ9kZZJsL_A4LsVzam6rY3Yj72l3Xdp-IIe1InVxvBL_xnEaWFCX6Z0_C-sPCnsWVnxz09-bhrikk5yzP43e6BMWWl3ps5YNkBRSYNoGzD-yEqewn7QIvUrJqIpvu3T_sC_GVl_JvwXR5Ro9a-fddVs6CLARbDzgZ3_wDreXfloWwt5oKQZ-K1LQUOzUOBm-SDOn45iDrdcBykkdyKOhGj9SAnlFtBzo_NP3mbuwvg732Smzsg1NZ4gbgz6CCU4wCszn6Kes6WrhBV0oqQdbQi5zdPz7FO1e29xYt4qk0poLbcPGFV5FRDRe9PdYh_dD0bKsRKR2WeTNJnrPXzt2NpO5qw9NwJfsqldU7Z-SyfuKx-KNjQA4QtyZ9paCr2DO3hRlHydHwDeZJKi06X1uIyukluhir_zL3JUb1oaCpNRG0osTN39EZLI3ZNIi-GAdCZPJ3IhBBLQpVgBHSgW_6Z6H1CtYzOtb9pi6-OWsosRzcMvr_rppnKTs7d54S1K8fO2ap6Rf79VpNh2Ym3Binb6LgLk46M4zKKjmA1DOl8hCkiZ4uhFPmAL3oujZPBPzcInchz5vweQx30bdSAKFchLdpXnHa8BtxiygSlDJCdWI5D2mzHE-WewB6Zc_zjBAFRASv0gjINSKeThqg6OBEF6BhiO_ReZnK56gvwAoimCvZ5-lNN0-Lvd_jxPfgLj2MVfT9OSlGgYuXjL23m2G8QnW-bYTfZJVQYzrJvHdkEuPaSdSZZu4f4V-FOvMIlIkK5U7d_bv8HrLNHq5tgvDNxVTMtJqILfPreOpMEIeXUnl4Lvz7GvMW7Cc0jFDAGAYtE53rjzSb4KpQnKEjGYtzMMOGTZNrD40XgeATVKntONnLAhxVAhK_kFTtPsjczBZ4ey0ldoMAr17zfwmYXscxdKsnbHuDdL1b2HCt531jmaUjmXIZqZIGMW2-_yU3E7qiutGIlsEKs0KhxWCL7iCz1lPDKw_QONqTKRUPDcWvjYcVkyTKmoQbRukhFBNclbtvPPqBHH6-saHWr8C6snOk_tRuy6Kywq10ilctPHC9xY7NkHw_-wrXIpDUIYg9v9Zue8bwgBwJA0DOvmSbsPrNAgvZC4fL4gXNPJuPpF30OyDDsUb-ywurSz8cGJ_e2qOE9MljEdLQzYTyOmSimy0_uOb7nt4whsj1zltluuzGc8ogOOkhqtGERaCZhZThw1qZKKcx1QS2ydxZzFxlNCe3hHRdpx_oqZdn_arwCSKu7JNPfJR9TRq_B3xoSbRkCwgAtP74arzyLd_GX_D-VyBs3Lsqt6xzgxN_tR6FB61wFYAVXYN0388YwHCvSELpMW30UA7R85abRpODspmqD6gC8OZWJ6WgFtKPWNH5H4Yx9ZZCtMeAJmXJZwFvBrmNqoJCRT31psg_H-w8emye8ZbX9laqkfrJVjPJ6RL7eiX6iqKoF6JRDuXM9UqF9ggSmJVKYi2YeWtI6_ZB150O-JSWnk4O3EqHoZhDkVtKRljW5kaWTl-MtGNN716RdS_RWR-UfJYQYbxTOeSlX-38X1ksCTAdhLx9CxhwF-whRHAG0TScbgIBD1jTOIKuA2BjNE-JKtK0htx1f2PL0JRbi56pLw4G5ZbBIhOEeldTaRgfNOK_S5AOkryJDpzkdIjR3QrUNcYSdlw3uk0XDJGOHVWYbz-4LTbc7LS6wIgQeuk1ID1osN3V6KGcBrInDYM71fNBYbdfShX9PkNZk6ccqO8X5e7jma2RMfSyvjAxF_PCxtVkebR-teJhIyU65Of4EUNY2WRorxrkBF7hEM1BUR_buzFACKOUI24ivg3pD_9muMCTP1cqm1UtKNAmXc7ND743gCjnMJH8HYAeU2LPc0FveeiSSP3JTF-5tNSJqz2kA')
 3 SYSTEMPATH\CodeIgniter.php(942): App\Controllers\Autentikasi->login()
 4 SYSTEMPATH\CodeIgniter.php(502): CodeIgniter\CodeIgniter->runController(Object(App\Controllers\Autentikasi))
 5 SYSTEMPATH\CodeIgniter.php(361): CodeIgniter\CodeIgniter->handleRequest(null, Object(Config\Cache), false)
 6 FCPATH\index.php(80): CodeIgniter\CodeIgniter->run()
 7 SYSTEMPATH\Commands\Server\rewrite.php(47): require_once('C:\\Users\\agung\\Documents\\MATERI SEMESTER 7\\TugasAkhir\\KodeProgramDestask\\Destask\\public\\index.php')
INFO - 2024-05-13 20:08:55 --> CSRF token verified.
INFO - 2024-05-13 20:08:57 --> Session: Class initialized using 'CodeIgniter\Session\Handlers\FileHandler' driver.
INFO - 2024-05-13 20:08:57 --> Session: Class initialized using 'CodeIgniter\Session\Handlers\FileHandler' driver.
INFO - 2024-05-13 20:09:15 --> Session: Class initialized using 'CodeIgniter\Session\Handlers\FileHandler' driver.
INFO - 2024-05-13 20:09:29 --> Session: Class initialized using 'CodeIgniter\Session\Handlers\FileHandler' driver.
INFO - 2024-05-13 20:09:34 --> Session: Class initialized using 'CodeIgniter\Session\Handlers\FileHandler' driver.
INFO - 2024-05-13 20:13:23 --> Session: Class initialized using 'CodeIgniter\Session\Handlers\FileHandler' driver.
INFO - 2024-05-13 21:02:56 --> Session: Class initialized using 'CodeIgniter\Session\Handlers\FileHandler' driver.
INFO - 2024-05-13 21:15:17 --> Session: Class initialized using 'CodeIgniter\Session\Handlers\FileHandler' driver.
INFO - 2024-05-13 21:26:47 --> Session: Class initialized using 'CodeIgniter\Session\Handlers\FileHandler' driver.
INFO - 2024-05-13 21:27:01 --> Session: Class initialized using 'CodeIgniter\Session\Handlers\FileHandler' driver.
INFO - 2024-05-13 21:27:05 --> Session: Class initialized using 'CodeIgniter\Session\Handlers\FileHandler' driver.
INFO - 2024-05-13 21:48:46 --> Session: Class initialized using 'CodeIgniter\Session\Handlers\FileHandler' driver.
INFO - 2024-05-13 21:50:43 --> Session: Class initialized using 'CodeIgniter\Session\Handlers\FileHandler' driver.
INFO - 2024-05-13 21:53:36 --> Session: Class initialized using 'CodeIgniter\Session\Handlers\FileHandler' driver.
INFO - 2024-05-13 21:55:37 --> Session: Class initialized using 'CodeIgniter\Session\Handlers\FileHandler' driver.
INFO - 2024-05-13 21:57:10 --> Session: Class initialized using 'CodeIgniter\Session\Handlers\FileHandler' driver.
INFO - 2024-05-13 22:00:19 --> Session: Class initialized using 'CodeIgniter\Session\Handlers\FileHandler' driver.
INFO - 2024-05-13 22:02:42 --> Session: Class initialized using 'CodeIgniter\Session\Handlers\FileHandler' driver.
INFO - 2024-05-13 22:03:56 --> Session: Class initialized using 'CodeIgniter\Session\Handlers\FileHandler' driver.
INFO - 2024-05-13 22:04:23 --> Session: Class initialized using 'CodeIgniter\Session\Handlers\FileHandler' driver.
INFO - 2024-05-13 22:05:58 --> Session: Class initialized using 'CodeIgniter\Session\Handlers\FileHandler' driver.
INFO - 2024-05-13 22:06:55 --> Session: Class initialized using 'CodeIgniter\Session\Handlers\FileHandler' driver.
INFO - 2024-05-13 22:16:44 --> Session: Class initialized using 'CodeIgniter\Session\Handlers\FileHandler' driver.
CRITICAL - 2024-05-13 22:16:44 --> Undefined variable $task_ov_bs
in APPPATH\Views\task\daftar_task.php on line 523.
 1 APPPATH\Views\task\daftar_task.php(523): CodeIgniter\Debug\Exceptions->errorHandler(2, 'Undefined variable $task_ov_bs', 'C:\\Users\\agung\\Documents\\MATERI SEMESTER 7\\TugasAkhir\\KodeProgramDestask\\Destask\\app\\Views\\task\\daftar_task.php', 523)
 2 SYSTEMPATH\View\View.php(228): include('C:\\Users\\agung\\Documents\\MATERI SEMESTER 7\\TugasAkhir\\KodeProgramDestask\\Destask\\app\\Views\\task\\daftar_task.php')
 3 SYSTEMPATH\View\View.php(231): CodeIgniter\View\View->CodeIgniter\View\{closure}()
 4 SYSTEMPATH\Common.php(1190): CodeIgniter\View\View->render('task/daftar_task', [], true)
 5 APPPATH\Controllers\Task.php(138): view('task/daftar_task', [...])
 6 SYSTEMPATH\CodeIgniter.php(942): App\Controllers\Task->daftar_task('2')
 7 SYSTEMPATH\CodeIgniter.php(502): CodeIgniter\CodeIgniter->runController(Object(App\Controllers\Task))
 8 SYSTEMPATH\CodeIgniter.php(361): CodeIgniter\CodeIgniter->handleRequest(null, Object(Config\Cache), false)
 9 FCPATH\index.php(80): CodeIgniter\CodeIgniter->run()
10 SYSTEMPATH\Commands\Server\rewrite.php(47): require_once('C:\\Users\\agung\\Documents\\MATERI SEMESTER 7\\TugasAkhir\\KodeProgramDestask\\Destask\\public\\index.php')
INFO - 2024-05-13 22:21:37 --> Session: Class initialized using 'CodeIgniter\Session\Handlers\FileHandler' driver.
INFO - 2024-05-13 22:22:07 --> Session: Class initialized using 'CodeIgniter\Session\Handlers\FileHandler' driver.
INFO - 2024-05-13 22:28:53 --> Session: Class initialized using 'CodeIgniter\Session\Handlers\FileHandler' driver.
INFO - 2024-05-13 22:41:43 --> Session: Class initialized using 'CodeIgniter\Session\Handlers\FileHandler' driver.
CRITICAL - 2024-05-13 22:41:43 --> Undefined variable $task_mv
in APPPATH\Views\task\daftar_task.php on line 592.
 1 APPPATH\Views\task\daftar_task.php(592): CodeIgniter\Debug\Exceptions->errorHandler(2, 'Undefined variable $task_mv', 'C:\\Users\\agung\\Documents\\MATERI SEMESTER 7\\TugasAkhir\\KodeProgramDestask\\Destask\\app\\Views\\task\\daftar_task.php', 592)
 2 SYSTEMPATH\View\View.php(228): include('C:\\Users\\agung\\Documents\\MATERI SEMESTER 7\\TugasAkhir\\KodeProgramDestask\\Destask\\app\\Views\\task\\daftar_task.php')
 3 SYSTEMPATH\View\View.php(231): CodeIgniter\View\View->CodeIgniter\View\{closure}()
 4 SYSTEMPATH\Common.php(1190): CodeIgniter\View\View->render('task/daftar_task', [], true)
 5 APPPATH\Controllers\Task.php(138): view('task/daftar_task', [...])
 6 SYSTEMPATH\CodeIgniter.php(942): App\Controllers\Task->daftar_task('2')
 7 SYSTEMPATH\CodeIgniter.php(502): CodeIgniter\CodeIgniter->runController(Object(App\Controllers\Task))
 8 SYSTEMPATH\CodeIgniter.php(361): CodeIgniter\CodeIgniter->handleRequest(null, Object(Config\Cache), false)
 9 FCPATH\index.php(80): CodeIgniter\CodeIgniter->run()
10 SYSTEMPATH\Commands\Server\rewrite.php(47): require_once('C:\\Users\\agung\\Documents\\MATERI SEMESTER 7\\TugasAkhir\\KodeProgramDestask\\Destask\\public\\index.php')
INFO - 2024-05-13 22:42:01 --> Session: Class initialized using 'CodeIgniter\Session\Handlers\FileHandler' driver.
INFO - 2024-05-13 22:47:11 --> Session: Class initialized using 'CodeIgniter\Session\Handlers\FileHandler' driver.
INFO - 2024-05-13 22:48:42 --> Session: Class initialized using 'CodeIgniter\Session\Handlers\FileHandler' driver.
CRITICAL - 2024-05-13 22:48:42 --> Undefined variable $task_mv
in APPPATH\Views\task\daftar_task.php on line 592.
 1 APPPATH\Views\task\daftar_task.php(592): CodeIgniter\Debug\Exceptions->errorHandler(2, 'Undefined variable $task_mv', 'C:\\Users\\agung\\Documents\\MATERI SEMESTER 7\\TugasAkhir\\KodeProgramDestask\\Destask\\app\\Views\\task\\daftar_task.php', 592)
 2 SYSTEMPATH\View\View.php(228): include('C:\\Users\\agung\\Documents\\MATERI SEMESTER 7\\TugasAkhir\\KodeProgramDestask\\Destask\\app\\Views\\task\\daftar_task.php')
 3 SYSTEMPATH\View\View.php(231): CodeIgniter\View\View->CodeIgniter\View\{closure}()
 4 SYSTEMPATH\Common.php(1190): CodeIgniter\View\View->render('task/daftar_task', [], true)
 5 APPPATH\Controllers\Task.php(138): view('task/daftar_task', [...])
 6 SYSTEMPATH\CodeIgniter.php(942): App\Controllers\Task->daftar_task('2')
 7 SYSTEMPATH\CodeIgniter.php(502): CodeIgniter\CodeIgniter->runController(Object(App\Controllers\Task))
 8 SYSTEMPATH\CodeIgniter.php(361): CodeIgniter\CodeIgniter->handleRequest(null, Object(Config\Cache), false)
 9 FCPATH\index.php(80): CodeIgniter\CodeIgniter->run()
10 SYSTEMPATH\Commands\Server\rewrite.php(47): require_once('C:\\Users\\agung\\Documents\\MATERI SEMESTER 7\\TugasAkhir\\KodeProgramDestask\\Destask\\public\\index.php')
INFO - 2024-05-13 22:49:03 --> Session: Class initialized using 'CodeIgniter\Session\Handlers\FileHandler' driver.
INFO - 2024-05-13 22:49:20 --> Session: Class initialized using 'CodeIgniter\Session\Handlers\FileHandler' driver.
INFO - 2024-05-13 22:49:21 --> Session: Class initialized using 'CodeIgniter\Session\Handlers\FileHandler' driver.
INFO - 2024-05-13 22:49:29 --> CSRF token verified.
INFO - 2024-05-13 22:49:29 --> Session: Class initialized using 'CodeIgniter\Session\Handlers\FileHandler' driver.
INFO - 2024-05-13 22:49:30 --> Session: Class initialized using 'CodeIgniter\Session\Handlers\FileHandler' driver.
INFO - 2024-05-13 22:49:32 --> Session: Class initialized using 'CodeIgniter\Session\Handlers\FileHandler' driver.
INFO - 2024-05-13 22:50:05 --> Session: Class initialized using 'CodeIgniter\Session\Handlers\FileHandler' driver.
INFO - 2024-05-13 22:50:05 --> Session: Class initialized using 'CodeIgniter\Session\Handlers\FileHandler' driver.
INFO - 2024-05-13 22:50:14 --> CSRF token verified.
INFO - 2024-05-13 22:50:14 --> Session: Class initialized using 'CodeIgniter\Session\Handlers\FileHandler' driver.
INFO - 2024-05-13 22:50:15 --> Session: Class initialized using 'CodeIgniter\Session\Handlers\FileHandler' driver.
INFO - 2024-05-13 22:50:17 --> Session: Class initialized using 'CodeIgniter\Session\Handlers\FileHandler' driver.
INFO - 2024-05-13 22:54:34 --> Session: Class initialized using 'CodeIgniter\Session\Handlers\FileHandler' driver.
INFO - 2024-05-13 22:55:20 --> Session: Class initialized using 'CodeIgniter\Session\Handlers\FileHandler' driver.
INFO - 2024-05-13 22:56:32 --> Session: Class initialized using 'CodeIgniter\Session\Handlers\FileHandler' driver.
INFO - 2024-05-13 22:57:30 --> Session: Class initialized using 'CodeIgniter\Session\Handlers\FileHandler' driver.
INFO - 2024-05-13 22:59:06 --> Session: Class initialized using 'CodeIgniter\Session\Handlers\FileHandler' driver.
INFO - 2024-05-13 23:00:30 --> Session: Class initialized using 'CodeIgniter\Session\Handlers\FileHandler' driver.
INFO - 2024-05-13 23:04:57 --> Session: Class initialized using 'CodeIgniter\Session\Handlers\FileHandler' driver.
INFO - 2024-05-13 23:05:14 --> Session: Class initialized using 'CodeIgniter\Session\Handlers\FileHandler' driver.
INFO - 2024-05-13 23:05:14 --> Session: Class initialized using 'CodeIgniter\Session\Handlers\FileHandler' driver.
INFO - 2024-05-13 23:05:21 --> CSRF token verified.
INFO - 2024-05-13 23:05:22 --> Session: Class initialized using 'CodeIgniter\Session\Handlers\FileHandler' driver.
INFO - 2024-05-13 23:05:22 --> Session: Class initialized using 'CodeIgniter\Session\Handlers\FileHandler' driver.
INFO - 2024-05-13 23:05:55 --> Session: Class initialized using 'CodeIgniter\Session\Handlers\FileHandler' driver.
INFO - 2024-05-13 23:06:00 --> Session: Class initialized using 'CodeIgniter\Session\Handlers\FileHandler' driver.
INFO - 2024-05-13 23:07:33 --> Session: Class initialized using 'CodeIgniter\Session\Handlers\FileHandler' driver.
INFO - 2024-05-13 23:08:45 --> Session: Class initialized using 'CodeIgniter\Session\Handlers\FileHandler' driver.
INFO - 2024-05-13 23:08:55 --> Session: Class initialized using 'CodeIgniter\Session\Handlers\FileHandler' driver.
INFO - 2024-05-13 23:08:56 --> Session: Class initialized using 'CodeIgniter\Session\Handlers\FileHandler' driver.
INFO - 2024-05-13 23:09:05 --> CSRF token verified.
INFO - 2024-05-13 23:09:06 --> Session: Class initialized using 'CodeIgniter\Session\Handlers\FileHandler' driver.
INFO - 2024-05-13 23:09:06 --> Session: Class initialized using 'CodeIgniter\Session\Handlers\FileHandler' driver.
INFO - 2024-05-13 23:12:31 --> Session: Class initialized using 'CodeIgniter\Session\Handlers\FileHandler' driver.
INFO - 2024-05-13 23:12:33 --> Session: Class initialized using 'CodeIgniter\Session\Handlers\FileHandler' driver.
INFO - 2024-05-13 23:17:07 --> Session: Class initialized using 'CodeIgniter\Session\Handlers\FileHandler' driver.
INFO - 2024-05-13 23:26:32 --> Session: Class initialized using 'CodeIgniter\Session\Handlers\FileHandler' driver.
INFO - 2024-05-13 23:26:57 --> Session: Class initialized using 'CodeIgniter\Session\Handlers\FileHandler' driver.
INFO - 2024-05-13 23:26:59 --> Session: Class initialized using 'CodeIgniter\Session\Handlers\FileHandler' driver.
INFO - 2024-05-13 23:27:24 --> Session: Class initialized using 'CodeIgniter\Session\Handlers\FileHandler' driver.
INFO - 2024-05-13 23:27:30 --> Session: Class initialized using 'CodeIgniter\Session\Handlers\FileHandler' driver.
INFO - 2024-05-13 23:27:44 --> Session: Class initialized using 'CodeIgniter\Session\Handlers\FileHandler' driver.
INFO - 2024-05-13 23:29:02 --> Session: Class initialized using 'CodeIgniter\Session\Handlers\FileHandler' driver.
INFO - 2024-05-13 23:29:07 --> Session: Class initialized using 'CodeIgniter\Session\Handlers\FileHandler' driver.
INFO - 2024-05-13 23:29:52 --> Session: Class initialized using 'CodeIgniter\Session\Handlers\FileHandler' driver.
WARNING - 2024-05-13 23:30:20 --> [DEPRECATED] strtotime(): Passing null to parameter #1 ($datetime) of type string is deprecated in APPPATH\Views\task\detail_task.php on line 96.
 1 APPPATH\Views\task\detail_task.php(96): strtotime(null)
 2 SYSTEMPATH\View\View.php(228): include('C:\\Users\\agung\\Documents\\MATERI SEMESTER 7\\TugasAkhir\\KodeProgramDestask\\Destask\\app\\Views\\task\\detail_task.php')
 3 SYSTEMPATH\View\View.php(231): CodeIgniter\View\View->CodeIgniter\View\{closure}()
 4 SYSTEMPATH\Common.php(1190): CodeIgniter\View\View->render('task/detail_task', [], true)
 5 APPPATH\Controllers\Task.php(589): view('task/detail_task', [...])
 6 SYSTEMPATH\CodeIgniter.php(942): App\Controllers\Task->detail_task('112')
 7 SYSTEMPATH\CodeIgniter.php(502): CodeIgniter\CodeIgniter->runController(Object(App\Controllers\Task))
 8 SYSTEMPATH\CodeIgniter.php(361): CodeIgniter\CodeIgniter->handleRequest(null, Object(Config\Cache), false)
 9 FCPATH\index.php(80): CodeIgniter\CodeIgniter->run()
10 SYSTEMPATH\Commands\Server\rewrite.php(47): require_once('C:\\Users\\agung\\Documents\\MATERI SEMESTER 7\\TugasAkhir\\KodeProgramDestask\\Destask\\public\\index.php')
INFO - 2024-05-13 23:30:20 --> Session: Class initialized using 'CodeIgniter\Session\Handlers\FileHandler' driver.
INFO - 2024-05-13 23:30:33 --> Session: Class initialized using 'CodeIgniter\Session\Handlers\FileHandler' driver.
WARNING - 2024-05-13 23:30:43 --> [DEPRECATED] strtotime(): Passing null to parameter #1 ($datetime) of type string is deprecated in APPPATH\Views\task\detail_task.php on line 96.
 1 APPPATH\Views\task\detail_task.php(96): strtotime(null)
 2 SYSTEMPATH\View\View.php(228): include('C:\\Users\\agung\\Documents\\MATERI SEMESTER 7\\TugasAkhir\\KodeProgramDestask\\Destask\\app\\Views\\task\\detail_task.php')
 3 SYSTEMPATH\View\View.php(231): CodeIgniter\View\View->CodeIgniter\View\{closure}()
 4 SYSTEMPATH\Common.php(1190): CodeIgniter\View\View->render('task/detail_task', [], true)
 5 APPPATH\Controllers\Task.php(589): view('task/detail_task', [...])
 6 SYSTEMPATH\CodeIgniter.php(942): App\Controllers\Task->detail_task('112')
 7 SYSTEMPATH\CodeIgniter.php(502): CodeIgniter\CodeIgniter->runController(Object(App\Controllers\Task))
 8 SYSTEMPATH\CodeIgniter.php(361): CodeIgniter\CodeIgniter->handleRequest(null, Object(Config\Cache), false)
 9 FCPATH\index.php(80): CodeIgniter\CodeIgniter->run()
10 SYSTEMPATH\Commands\Server\rewrite.php(47): require_once('C:\\Users\\agung\\Documents\\MATERI SEMESTER 7\\TugasAkhir\\KodeProgramDestask\\Destask\\public\\index.php')
INFO - 2024-05-13 23:30:43 --> Session: Class initialized using 'CodeIgniter\Session\Handlers\FileHandler' driver.
INFO - 2024-05-13 23:31:05 --> Session: Class initialized using 'CodeIgniter\Session\Handlers\FileHandler' driver.
WARNING - 2024-05-13 23:31:09 --> [DEPRECATED] strtotime(): Passing null to parameter #1 ($datetime) of type string is deprecated in APPPATH\Views\task\detail_task.php on line 96.
 1 APPPATH\Views\task\detail_task.php(96): strtotime(null)
 2 SYSTEMPATH\View\View.php(228): include('C:\\Users\\agung\\Documents\\MATERI SEMESTER 7\\TugasAkhir\\KodeProgramDestask\\Destask\\app\\Views\\task\\detail_task.php')
 3 SYSTEMPATH\View\View.php(231): CodeIgniter\View\View->CodeIgniter\View\{closure}()
 4 SYSTEMPATH\Common.php(1190): CodeIgniter\View\View->render('task/detail_task', [], true)
 5 APPPATH\Controllers\Task.php(589): view('task/detail_task', [...])
 6 SYSTEMPATH\CodeIgniter.php(942): App\Controllers\Task->detail_task('112')
 7 SYSTEMPATH\CodeIgniter.php(502): CodeIgniter\CodeIgniter->runController(Object(App\Controllers\Task))
 8 SYSTEMPATH\CodeIgniter.php(361): CodeIgniter\CodeIgniter->handleRequest(null, Object(Config\Cache), false)
 9 FCPATH\index.php(80): CodeIgniter\CodeIgniter->run()
10 SYSTEMPATH\Commands\Server\rewrite.php(47): require_once('C:\\Users\\agung\\Documents\\MATERI SEMESTER 7\\TugasAkhir\\KodeProgramDestask\\Destask\\public\\index.php')
INFO - 2024-05-13 23:31:09 --> Session: Class initialized using 'CodeIgniter\Session\Handlers\FileHandler' driver.
INFO - 2024-05-13 23:31:56 --> Session: Class initialized using 'CodeIgniter\Session\Handlers\FileHandler' driver.
INFO - 2024-05-13 23:37:27 --> Session: Class initialized using 'CodeIgniter\Session\Handlers\FileHandler' driver.
INFO - 2024-05-13 23:42:57 --> Session: Class initialized using 'CodeIgniter\Session\Handlers\FileHandler' driver.
INFO - 2024-05-13 23:43:14 --> Session: Class initialized using 'CodeIgniter\Session\Handlers\FileHandler' driver.
INFO - 2024-05-13 23:45:12 --> Session: Class initialized using 'CodeIgniter\Session\Handlers\FileHandler' driver.
INFO - 2024-05-13 23:51:17 --> Session: Class initialized using 'CodeIgniter\Session\Handlers\FileHandler' driver.
INFO - 2024-05-13 23:51:21 --> Session: Class initialized using 'CodeIgniter\Session\Handlers\FileHandler' driver.
INFO - 2024-05-13 23:51:54 --> Session: Class initialized using 'CodeIgniter\Session\Handlers\FileHandler' driver.
INFO - 2024-05-13 23:52:15 --> Session: Class initialized using 'CodeIgniter\Session\Handlers\FileHandler' driver.
INFO - 2024-05-13 23:52:23 --> Session: Class initialized using 'CodeIgniter\Session\Handlers\FileHandler' driver.
INFO - 2024-05-13 23:52:26 --> Session: Class initialized using 'CodeIgniter\Session\Handlers\FileHandler' driver.
INFO - 2024-05-13 23:52:31 --> Session: Class initialized using 'CodeIgniter\Session\Handlers\FileHandler' driver.
INFO - 2024-05-13 23:52:43 --> Session: Class initialized using 'CodeIgniter\Session\Handlers\FileHandler' driver.
INFO - 2024-05-13 23:54:27 --> Session: Class initialized using 'CodeIgniter\Session\Handlers\FileHandler' driver.
INFO - 2024-05-13 23:54:27 --> Session: Class initialized using 'CodeIgniter\Session\Handlers\FileHandler' driver.
INFO - 2024-05-13 23:54:40 --> CSRF token verified.
INFO - 2024-05-13 23:54:41 --> Session: Class initialized using 'CodeIgniter\Session\Handlers\FileHandler' driver.
INFO - 2024-05-13 23:54:41 --> Session: Class initialized using 'CodeIgniter\Session\Handlers\FileHandler' driver.
INFO - 2024-05-13 23:54:46 --> Session: Class initialized using 'CodeIgniter\Session\Handlers\FileHandler' driver.
INFO - 2024-05-13 23:54:53 --> CSRF token verified.
INFO - 2024-05-13 23:54:53 --> Session: Class initialized using 'CodeIgniter\Session\Handlers\FileHandler' driver.
INFO - 2024-05-13 23:54:53 --> Session: Class initialized using 'CodeIgniter\Session\Handlers\FileHandler' driver.
INFO - 2024-05-13 23:55:07 --> Session: Class initialized using 'CodeIgniter\Session\Handlers\FileHandler' driver.
INFO - 2024-05-13 23:55:10 --> Session: Class initialized using 'CodeIgniter\Session\Handlers\FileHandler' driver.
INFO - 2024-05-13 23:55:22 --> Session: Class initialized using 'CodeIgniter\Session\Handlers\FileHandler' driver.
INFO - 2024-05-13 23:55:22 --> Session: Class initialized using 'CodeIgniter\Session\Handlers\FileHandler' driver.
INFO - 2024-05-13 23:55:31 --> CSRF token verified.
INFO - 2024-05-13 23:55:32 --> Session: Class initialized using 'CodeIgniter\Session\Handlers\FileHandler' driver.
INFO - 2024-05-13 23:55:32 --> Session: Class initialized using 'CodeIgniter\Session\Handlers\FileHandler' driver.
INFO - 2024-05-13 23:55:41 --> Session: Class initialized using 'CodeIgniter\Session\Handlers\FileHandler' driver.
INFO - 2024-05-13 23:55:46 --> Session: Class initialized using 'CodeIgniter\Session\Handlers\FileHandler' driver.
INFO - 2024-05-13 23:55:53 --> Session: Class initialized using 'CodeIgniter\Session\Handlers\FileHandler' driver.
INFO - 2024-05-13 23:57:00 --> Session: Class initialized using 'CodeIgniter\Session\Handlers\FileHandler' driver.
INFO - 2024-05-13 23:57:35 --> Session: Class initialized using 'CodeIgniter\Session\Handlers\FileHandler' driver.
INFO - 2024-05-13 23:57:41 --> Session: Class initialized using 'CodeIgniter\Session\Handlers\FileHandler' driver.
INFO - 2024-05-13 23:57:44 --> Session: Class initialized using 'CodeIgniter\Session\Handlers\FileHandler' driver.
