INFO - 2025-07-08 22:27:43 --> Session: Class initialized using 'CodeIgniter\Session\Handlers\FileHandler' driver.
INFO - 2025-07-08 22:27:46 --> CSRF token verified.
INFO - 2025-07-08 22:27:46 --> Session: Class initialized using 'CodeIgniter\Session\Handlers\FileHandler' driver.
INFO - 2025-07-08 22:27:46 --> Session: Class initialized using 'CodeIgniter\Session\Handlers\FileHandler' driver.
INFO - 2025-07-08 22:27:48 --> Session: Class initialized using 'CodeIgniter\Session\Handlers\FileHandler' driver.
INFO - 2025-07-08 22:27:49 --> Session: Class initialized using 'CodeIgniter\Session\Handlers\FileHandler' driver.
CRITICAL - 2025-07-08 22:27:49 --> ErrorException: Undefined variable $target_poin_harian
in APPPATH\Views\monitoring_task\daftar_monitoring_karyawan_onprogress.php on line 32.
 1 APPPATH\Views\monitoring_task\daftar_monitoring_karyawan_onprogress.php(32): CodeIgniter\Debug\Exceptions->errorHandler(2, 'Undefined variable $target_poin_harian', 'C:\\xampp\\htdocs\\Destask\\app\\Views\\monitoring_task\\daftar_monitoring_karyawan_onprogress.php', 32)
 2 SYSTEMPATH\View\View.php(228): include('C:\\xampp\\htdocs\\Destask\\app\\Views\\monitoring_task\\daftar_monitoring_karyawan_onprogress.php')
 3 SYSTEMPATH\View\View.php(231): CodeIgniter\View\View->CodeIgniter\View\{closure}()
 4 SYSTEMPATH\Common.php(1178): CodeIgniter\View\View->render('monitoring_task/daftar_monitoring_karyawan_onprogress', [], true)
 5 APPPATH\Controllers\MonitoringTask.php(9): view('monitoring_task/daftar_monitoring_karyawan_onprogress')
 6 SYSTEMPATH\CodeIgniter.php(941): App\Controllers\MonitoringTask->daftar_monitoring_karyawan_onprogress()
 7 SYSTEMPATH\CodeIgniter.php(502): CodeIgniter\CodeIgniter->runController(Object(App\Controllers\MonitoringTask))
 8 SYSTEMPATH\CodeIgniter.php(361): CodeIgniter\CodeIgniter->handleRequest(null, Object(Config\Cache), false)
 9 FCPATH\index.php(80): CodeIgniter\CodeIgniter->run()
10 SYSTEMPATH\Commands\Server\rewrite.php(47): require_once('C:\\xampp\\htdocs\\Destask\\public\\index.php')
INFO - 2025-07-08 22:27:52 --> Session: Class initialized using 'CodeIgniter\Session\Handlers\FileHandler' driver.
INFO - 2025-07-08 22:31:23 --> Session: Class initialized using 'CodeIgniter\Session\Handlers\FileHandler' driver.
CRITICAL - 2025-07-08 22:31:23 --> ErrorException: Undefined variable $target_poin_harian
in APPPATH\Views\monitoring_task\daftar_monitoring_karyawan_onprogress.php on line 32.
 1 APPPATH\Views\monitoring_task\daftar_monitoring_karyawan_onprogress.php(32): CodeIgniter\Debug\Exceptions->errorHandler(2, 'Undefined variable $target_poin_harian', 'C:\\xampp\\htdocs\\Destask\\app\\Views\\monitoring_task\\daftar_monitoring_karyawan_onprogress.php', 32)
 2 SYSTEMPATH\View\View.php(228): include('C:\\xampp\\htdocs\\Destask\\app\\Views\\monitoring_task\\daftar_monitoring_karyawan_onprogress.php')
 3 SYSTEMPATH\View\View.php(231): CodeIgniter\View\View->CodeIgniter\View\{closure}()
 4 SYSTEMPATH\Common.php(1178): CodeIgniter\View\View->render('monitoring_task/daftar_monitoring_karyawan_onprogress', [], true)
 5 APPPATH\Controllers\MonitoringTask.php(9): view('monitoring_task/daftar_monitoring_karyawan_onprogress')
 6 SYSTEMPATH\CodeIgniter.php(941): App\Controllers\MonitoringTask->daftar_monitoring_karyawan_onprogress()
 7 SYSTEMPATH\CodeIgniter.php(502): CodeIgniter\CodeIgniter->runController(Object(App\Controllers\MonitoringTask))
 8 SYSTEMPATH\CodeIgniter.php(361): CodeIgniter\CodeIgniter->handleRequest(null, Object(Config\Cache), false)
 9 FCPATH\index.php(80): CodeIgniter\CodeIgniter->run()
10 SYSTEMPATH\Commands\Server\rewrite.php(47): require_once('C:\\xampp\\htdocs\\Destask\\public\\index.php')
INFO - 2025-07-08 22:31:27 --> Session: Class initialized using 'CodeIgniter\Session\Handlers\FileHandler' driver.
INFO - 2025-07-08 22:31:29 --> Session: Class initialized using 'CodeIgniter\Session\Handlers\FileHandler' driver.
INFO - 2025-07-08 22:31:40 --> Session: Class initialized using 'CodeIgniter\Session\Handlers\FileHandler' driver.
INFO - 2025-07-08 22:31:52 --> Session: Class initialized using 'CodeIgniter\Session\Handlers\FileHandler' driver.
INFO - 2025-07-08 22:31:52 --> Session: Class initialized using 'CodeIgniter\Session\Handlers\FileHandler' driver.
INFO - 2025-07-08 22:31:53 --> Session: Class initialized using 'CodeIgniter\Session\Handlers\FileHandler' driver.
INFO - 2025-07-08 22:31:54 --> Session: Class initialized using 'CodeIgniter\Session\Handlers\FileHandler' driver.
INFO - 2025-07-08 22:31:55 --> Session: Class initialized using 'CodeIgniter\Session\Handlers\FileHandler' driver.
CRITICAL - 2025-07-08 22:31:55 --> ErrorException: Undefined variable $target_poin_harian
in APPPATH\Views\monitoring_task\daftar_monitoring_karyawan_onprogress.php on line 32.
 1 APPPATH\Views\monitoring_task\daftar_monitoring_karyawan_onprogress.php(32): CodeIgniter\Debug\Exceptions->errorHandler(2, 'Undefined variable $target_poin_harian', 'C:\\xampp\\htdocs\\Destask\\app\\Views\\monitoring_task\\daftar_monitoring_karyawan_onprogress.php', 32)
 2 SYSTEMPATH\View\View.php(228): include('C:\\xampp\\htdocs\\Destask\\app\\Views\\monitoring_task\\daftar_monitoring_karyawan_onprogress.php')
 3 SYSTEMPATH\View\View.php(231): CodeIgniter\View\View->CodeIgniter\View\{closure}()
 4 SYSTEMPATH\Common.php(1178): CodeIgniter\View\View->render('monitoring_task/daftar_monitoring_karyawan_onprogress', [], true)
 5 APPPATH\Controllers\MonitoringTask.php(9): view('monitoring_task/daftar_monitoring_karyawan_onprogress')
 6 SYSTEMPATH\CodeIgniter.php(941): App\Controllers\MonitoringTask->daftar_monitoring_karyawan_onprogress()
 7 SYSTEMPATH\CodeIgniter.php(502): CodeIgniter\CodeIgniter->runController(Object(App\Controllers\MonitoringTask))
 8 SYSTEMPATH\CodeIgniter.php(361): CodeIgniter\CodeIgniter->handleRequest(null, Object(Config\Cache), false)
 9 FCPATH\index.php(80): CodeIgniter\CodeIgniter->run()
10 SYSTEMPATH\Commands\Server\rewrite.php(47): require_once('C:\\xampp\\htdocs\\Destask\\public\\index.php')
INFO - 2025-07-08 22:31:57 --> Session: Class initialized using 'CodeIgniter\Session\Handlers\FileHandler' driver.
INFO - 2025-07-08 22:31:59 --> Session: Class initialized using 'CodeIgniter\Session\Handlers\FileHandler' driver.
