CRITICAL - 2025-01-29 06:41:05 --> ErrorException: Undefined property: App\Controllers\Pekerjaan::$db
in APPPATH/Controllers/Pekerjaan.php on line 66.
 1 APPPATH/Controllers/Pekerjaan.php(66): CodeIgniter\Debug\Exceptions->errorHandler()
 2 SYSTEMPATH/CodeIgniter.php(941): App\Controllers\Pekerjaan->daftar_task()
 3 SYSTEMPATH/CodeIgniter.php(502): CodeIgniter\CodeIgniter->runController()
 4 SYSTEMPATH/CodeIgniter.php(361): CodeIgniter\CodeIgniter->handleRequest()
 5 FCPATH/index.php(80): CodeIgniter\CodeIgniter->run()
CRITICAL - 2025-01-29 06:43:58 --> ErrorException: Undefined variable $ci
in APPPATH/Controllers/Pekerjaan.php on line 66.
 1 APPPATH/Controllers/Pekerjaan.php(66): CodeIgniter\Debug\Exceptions->errorHandler()
 2 SYSTEMPATH/CodeIgniter.php(941): App\Controllers\Pekerjaan->daftar_task()
 3 SYSTEMPATH/CodeIgniter.php(502): CodeIgniter\CodeIgniter->runController()
 4 SYSTEMPATH/CodeIgniter.php(361): CodeIgniter\CodeIgniter->handleRequest()
 5 FCPATH/index.php(80): CodeIgniter\CodeIgniter->run()
CRITICAL - 2025-01-29 06:44:57 --> Error: Call to undefined function App\Controllers\get_instance()
in APPPATH/Controllers/Pekerjaan.php on line 66.
 1 SYSTEMPATH/CodeIgniter.php(941): App\Controllers\Pekerjaan->daftar_task()
 2 SYSTEMPATH/CodeIgniter.php(502): CodeIgniter\CodeIgniter->runController()
 3 SYSTEMPATH/CodeIgniter.php(361): CodeIgniter\CodeIgniter->handleRequest()
 4 FCPATH/index.php(80): CodeIgniter\CodeIgniter->run()
CRITICAL - 2025-01-29 06:44:58 --> Error: Call to undefined function App\Controllers\get_instance()
in APPPATH/Controllers/Pekerjaan.php on line 66.
 1 SYSTEMPATH/CodeIgniter.php(941): App\Controllers\Pekerjaan->daftar_task()
 2 SYSTEMPATH/CodeIgniter.php(502): CodeIgniter\CodeIgniter->runController()
 3 SYSTEMPATH/CodeIgniter.php(361): CodeIgniter\CodeIgniter->handleRequest()
 4 FCPATH/index.php(80): CodeIgniter\CodeIgniter->run()
CRITICAL - 2025-01-29 06:45:01 --> Error: Call to undefined function App\Controllers\get_instance()
in APPPATH/Controllers/Pekerjaan.php on line 66.
 1 SYSTEMPATH/CodeIgniter.php(941): App\Controllers\Pekerjaan->daftar_task()
 2 SYSTEMPATH/CodeIgniter.php(502): CodeIgniter\CodeIgniter->runController()
 3 SYSTEMPATH/CodeIgniter.php(361): CodeIgniter\CodeIgniter->handleRequest()
 4 FCPATH/index.php(80): CodeIgniter\CodeIgniter->run()
CRITICAL - 2025-01-29 06:48:15 --> ErrorException: Undefined variable $url1
in APPPATH/Views/layout/sidebar_hod.php on line 5.
 1 APPPATH/Views/layout/sidebar_hod.php(5): CodeIgniter\Debug\Exceptions->errorHandler()
 2 SYSTEMPATH/View/View.php(228): include('/www/Destask/app/Views/layout/sidebar_hod.php')
 3 SYSTEMPATH/View/View.php(231): CodeIgniter\View\View->CodeIgniter\View\{closure}()
 4 SYSTEMPATH/View/View.php(469): CodeIgniter\View\View->render()
 5 APPPATH/Views/layout/templete.php(24): CodeIgniter\View\View->include()
 6 SYSTEMPATH/View/View.php(228): include('/www/Destask/app/Views/layout/templete.php')
 7 SYSTEMPATH/View/View.php(231): CodeIgniter\View\View->CodeIgniter\View\{closure}()
 8 SYSTEMPATH/View/View.php(244): CodeIgniter\View\View->render()
 9 SYSTEMPATH/Common.php(1178): CodeIgniter\View\View->render()
10 APPPATH/Controllers/Pekerjaan.php(70): view()
11 SYSTEMPATH/CodeIgniter.php(941): App\Controllers\Pekerjaan->daftar_task()
12 SYSTEMPATH/CodeIgniter.php(502): CodeIgniter\CodeIgniter->runController()
13 SYSTEMPATH/CodeIgniter.php(361): CodeIgniter\CodeIgniter->handleRequest()
14 FCPATH/index.php(80): CodeIgniter\CodeIgniter->run()
CRITICAL - 2025-01-29 06:48:15 --> ErrorException: Undefined variable $url1
in APPPATH/Views/layout/sidebar_hod.php on line 5.
 1 APPPATH/Views/layout/sidebar_hod.php(5): CodeIgniter\Debug\Exceptions->errorHandler()
 2 SYSTEMPATH/View/View.php(228): include('/www/Destask/app/Views/layout/sidebar_hod.php')
 3 SYSTEMPATH/View/View.php(231): CodeIgniter\View\View->CodeIgniter\View\{closure}()
 4 SYSTEMPATH/View/View.php(469): CodeIgniter\View\View->render()
 5 APPPATH/Views/layout/templete.php(24): CodeIgniter\View\View->include()
 6 SYSTEMPATH/View/View.php(228): include('/www/Destask/app/Views/layout/templete.php')
 7 SYSTEMPATH/View/View.php(231): CodeIgniter\View\View->CodeIgniter\View\{closure}()
 8 SYSTEMPATH/View/View.php(244): CodeIgniter\View\View->render()
 9 SYSTEMPATH/Common.php(1178): CodeIgniter\View\View->render()
10 APPPATH/Controllers/Pekerjaan.php(70): view()
11 SYSTEMPATH/CodeIgniter.php(941): App\Controllers\Pekerjaan->daftar_task()
12 SYSTEMPATH/CodeIgniter.php(502): CodeIgniter\CodeIgniter->runController()
13 SYSTEMPATH/CodeIgniter.php(361): CodeIgniter\CodeIgniter->handleRequest()
14 FCPATH/index.php(80): CodeIgniter\CodeIgniter->run()
CRITICAL - 2025-01-29 06:48:16 --> ErrorException: Undefined variable $url1
in APPPATH/Views/layout/sidebar_hod.php on line 5.
 1 APPPATH/Views/layout/sidebar_hod.php(5): CodeIgniter\Debug\Exceptions->errorHandler()
 2 SYSTEMPATH/View/View.php(228): include('/www/Destask/app/Views/layout/sidebar_hod.php')
 3 SYSTEMPATH/View/View.php(231): CodeIgniter\View\View->CodeIgniter\View\{closure}()
 4 SYSTEMPATH/View/View.php(469): CodeIgniter\View\View->render()
 5 APPPATH/Views/layout/templete.php(24): CodeIgniter\View\View->include()
 6 SYSTEMPATH/View/View.php(228): include('/www/Destask/app/Views/layout/templete.php')
 7 SYSTEMPATH/View/View.php(231): CodeIgniter\View\View->CodeIgniter\View\{closure}()
 8 SYSTEMPATH/View/View.php(244): CodeIgniter\View\View->render()
 9 SYSTEMPATH/Common.php(1178): CodeIgniter\View\View->render()
10 APPPATH/Controllers/Pekerjaan.php(70): view()
11 SYSTEMPATH/CodeIgniter.php(941): App\Controllers\Pekerjaan->daftar_task()
12 SYSTEMPATH/CodeIgniter.php(502): CodeIgniter\CodeIgniter->runController()
13 SYSTEMPATH/CodeIgniter.php(361): CodeIgniter\CodeIgniter->handleRequest()
14 FCPATH/index.php(80): CodeIgniter\CodeIgniter->run()
CRITICAL - 2025-01-29 06:49:04 --> ErrorException: Undefined variable $url1
in APPPATH/Views/layout/sidebar_hod.php on line 5.
 1 APPPATH/Views/layout/sidebar_hod.php(5): CodeIgniter\Debug\Exceptions->errorHandler()
 2 SYSTEMPATH/View/View.php(228): include('/www/Destask/app/Views/layout/sidebar_hod.php')
 3 SYSTEMPATH/View/View.php(231): CodeIgniter\View\View->CodeIgniter\View\{closure}()
 4 SYSTEMPATH/View/View.php(469): CodeIgniter\View\View->render()
 5 APPPATH/Views/layout/templete.php(24): CodeIgniter\View\View->include()
 6 SYSTEMPATH/View/View.php(228): include('/www/Destask/app/Views/layout/templete.php')
 7 SYSTEMPATH/View/View.php(231): CodeIgniter\View\View->CodeIgniter\View\{closure}()
 8 SYSTEMPATH/View/View.php(244): CodeIgniter\View\View->render()
 9 SYSTEMPATH/Common.php(1178): CodeIgniter\View\View->render()
10 APPPATH/Controllers/Pekerjaan.php(71): view()
11 SYSTEMPATH/CodeIgniter.php(941): App\Controllers\Pekerjaan->daftar_task()
12 SYSTEMPATH/CodeIgniter.php(502): CodeIgniter\CodeIgniter->runController()
13 SYSTEMPATH/CodeIgniter.php(361): CodeIgniter\CodeIgniter->handleRequest()
14 FCPATH/index.php(80): CodeIgniter\CodeIgniter->run()
CRITICAL - 2025-01-29 06:53:29 --> ErrorException: Undefined property: App\Controllers\Pekerjaan::$usergroupModel
in APPPATH/Controllers/Pekerjaan.php on line 68.
 1 APPPATH/Controllers/Pekerjaan.php(68): CodeIgniter\Debug\Exceptions->errorHandler()
 2 SYSTEMPATH/CodeIgniter.php(941): App\Controllers\Pekerjaan->daftar_task()
 3 SYSTEMPATH/CodeIgniter.php(502): CodeIgniter\CodeIgniter->runController()
 4 SYSTEMPATH/CodeIgniter.php(361): CodeIgniter\CodeIgniter->handleRequest()
 5 FCPATH/index.php(80): CodeIgniter\CodeIgniter->run()
