CRITICAL - 2025-01-14 02:23:05 --> CodeIgniter\View\Exceptions\ViewException: Invalid file: "http://157.119.220.52/Destask/public/index.php/pekerjaan/modal_editpekerjaan_status_pekerjaan.php"
in SYSTEMPATH/Exceptions/FrameworkException.php on line 39.
 1 SYSTEMPATH/View/View.php(216): CodeIgniter\Exceptions\FrameworkException::forInvalidFile()
 2 SYSTEMPATH/View/View.php(469): CodeIgniter\View\View->render()
 3 APPPATH/Views/dashboard.php(520): CodeIgniter\View\View->include()
 4 SYSTEMPATH/View/View.php(228): include('/www/Destask/app/Views/dashboard.php')
 5 SYSTEMPATH/View/View.php(231): CodeIgniter\View\View->CodeIgniter\View\{closure}()
 6 SYSTEMPATH/Common.php(1178): CodeIgniter\View\View->render()
 7 APPPATH/Controllers/Dashboard.php(213): view()
 8 SYSTEMPATH/CodeIgniter.php(941): App\Controllers\Dashboard->lihat_dashboard()
 9 SYSTEMPATH/CodeIgniter.php(502): CodeIgniter\CodeIgniter->runController()
10 SYSTEMPATH/CodeIgniter.php(361): CodeIgniter\CodeIgniter->handleRequest()
11 FCPATH/index.php(80): CodeIgniter\CodeIgniter->run()
CRITICAL - 2025-01-14 02:56:36 --> ErrorException: Trying to access array offset on value of type null
in APPPATH/Controllers/Task.php on line 607.
 1 APPPATH/Controllers/Task.php(607): CodeIgniter\Debug\Exceptions->errorHandler()
 2 SYSTEMPATH/CodeIgniter.php(941): App\Controllers\Task->update_progress_task()
 3 SYSTEMPATH/CodeIgniter.php(502): CodeIgniter\CodeIgniter->runController()
 4 SYSTEMPATH/CodeIgniter.php(361): CodeIgniter\CodeIgniter->handleRequest()
 5 FCPATH/index.php(80): CodeIgniter\CodeIgniter->run()
CRITICAL - 2025-01-14 02:59:53 --> ErrorException: Trying to access array offset on value of type null
in APPPATH/Controllers/Task.php on line 607.
 1 APPPATH/Controllers/Task.php(607): CodeIgniter\Debug\Exceptions->errorHandler()
 2 SYSTEMPATH/CodeIgniter.php(941): App\Controllers\Task->update_progress_task()
 3 SYSTEMPATH/CodeIgniter.php(502): CodeIgniter\CodeIgniter->runController()
 4 SYSTEMPATH/CodeIgniter.php(361): CodeIgniter\CodeIgniter->handleRequest()
 5 FCPATH/index.php(80): CodeIgniter\CodeIgniter->run()
CRITICAL - 2025-01-14 03:00:25 --> ErrorException: Trying to access array offset on value of type null
in APPPATH/Controllers/Task.php on line 607.
 1 APPPATH/Controllers/Task.php(607): CodeIgniter\Debug\Exceptions->errorHandler()
 2 SYSTEMPATH/CodeIgniter.php(941): App\Controllers\Task->update_progress_task()
 3 SYSTEMPATH/CodeIgniter.php(502): CodeIgniter\CodeIgniter->runController()
 4 SYSTEMPATH/CodeIgniter.php(361): CodeIgniter\CodeIgniter->handleRequest()
 5 FCPATH/index.php(80): CodeIgniter\CodeIgniter->run()
CRITICAL - 2025-01-14 03:02:29 --> TypeError: Cannot access offset of type string on string
in APPPATH/Controllers/Task.php on line 614.
 1 SYSTEMPATH/CodeIgniter.php(941): App\Controllers\Task->update_progress_task()
 2 SYSTEMPATH/CodeIgniter.php(502): CodeIgniter\CodeIgniter->runController()
 3 SYSTEMPATH/CodeIgniter.php(361): CodeIgniter\CodeIgniter->handleRequest()
 4 FCPATH/index.php(80): CodeIgniter\CodeIgniter->run()
CRITICAL - 2025-01-14 03:04:03 --> ErrorException: Trying to access array offset on value of type null
in APPPATH/Controllers/Task.php on line 616.
 1 APPPATH/Controllers/Task.php(616): CodeIgniter\Debug\Exceptions->errorHandler()
 2 SYSTEMPATH/CodeIgniter.php(941): App\Controllers\Task->update_progress_task()
 3 SYSTEMPATH/CodeIgniter.php(502): CodeIgniter\CodeIgniter->runController()
 4 SYSTEMPATH/CodeIgniter.php(361): CodeIgniter\CodeIgniter->handleRequest()
 5 FCPATH/index.php(80): CodeIgniter\CodeIgniter->run()
CRITICAL - 2025-01-14 03:14:47 --> ParseError: syntax error, unexpected string content "", expecting "-" or identifier or variable or number
in APPPATH/Views/task/detail_task.php on line 169.
 1 SYSTEMPATH/View/View.php(231): CodeIgniter\View\View->CodeIgniter\View\{closure}()
 2 SYSTEMPATH/Common.php(1178): CodeIgniter\View\View->render()
 3 APPPATH/Controllers/Task.php(836): view()
 4 SYSTEMPATH/CodeIgniter.php(941): App\Controllers\Task->detail_task()
 5 SYSTEMPATH/CodeIgniter.php(502): CodeIgniter\CodeIgniter->runController()
 6 SYSTEMPATH/CodeIgniter.php(361): CodeIgniter\CodeIgniter->handleRequest()
 7 FCPATH/index.php(80): CodeIgniter\CodeIgniter->run()
ERROR - 2025-01-14 11:34:24 --> Email: sendWithSmtp throwed ErrorException: fsockopen(): php_network_getaddresses: getaddrinfo for smtp.gmail.com failed: Temporary failure in name resolution in /www/Destask/vendor/codeigniter4/framework/system/Email/Email.php:1890
Stack trace:
#0 [internal function]: CodeIgniter\Debug\Exceptions->errorHandler()
#1 /www/Destask/vendor/codeigniter4/framework/system/Email/Email.php(1890): fsockopen()
#2 /www/Destask/vendor/codeigniter4/framework/system/Email/Email.php(1798): CodeIgniter\Email\Email->SMTPConnect()
#3 /www/Destask/vendor/codeigniter4/framework/system/Email/Email.php(1683): CodeIgniter\Email\Email->sendWithSmtp()
#4 /www/Destask/vendor/codeigniter4/framework/system/Email/Email.php(1577): CodeIgniter\Email\Email->spoolEmail()
#5 /www/Destask/app/Controllers/Profile.php(233): CodeIgniter\Email\Email->send()
#6 /www/Destask/vendor/codeigniter4/framework/system/CodeIgniter.php(941): App\Controllers\Profile->cek_email()
#7 /www/Destask/vendor/codeigniter4/framework/system/CodeIgniter.php(502): CodeIgniter\CodeIgniter->runController()
#8 /www/Destask/vendor/codeigniter4/framework/system/CodeIgniter.php(361): CodeIgniter\CodeIgniter->handleRequest()
#9 /www/Destask/public/index.php(80): CodeIgniter\CodeIgniter->run()
#10 {main}
ERROR - 2025-01-14 11:34:24 --> Email: Unable to send email using SMTP. Your server might not be configured to send mail using this method.
ERROR - 2025-01-14 11:34:24 --> 
CRITICAL - 2025-01-14 12:01:10 --> ErrorException: Trying to access array offset on value of type null
in APPPATH/Controllers/Pekerjaan.php on line 679.
 1 APPPATH/Controllers/Pekerjaan.php(679): CodeIgniter\Debug\Exceptions->errorHandler()
 2 SYSTEMPATH/CodeIgniter.php(941): App\Controllers\Pekerjaan->updatepekerjaan_status_pekerjaan()
 3 SYSTEMPATH/CodeIgniter.php(502): CodeIgniter\CodeIgniter->runController()
 4 SYSTEMPATH/CodeIgniter.php(361): CodeIgniter\CodeIgniter->handleRequest()
 5 FCPATH/index.php(80): CodeIgniter\CodeIgniter->run()
CRITICAL - 2025-01-14 16:53:10 --> ErrorException: unlink(/www/Destask/writable/debugbar/debugbar_1736848287.058185.json): No such file or directory
in SYSTEMPATH/Debug/Toolbar/Collectors/History.php on line 80.
 1 [internal function]: CodeIgniter\Debug\Exceptions->errorHandler()
 2 SYSTEMPATH/Debug/Toolbar/Collectors/History.php(80): unlink()
 3 SYSTEMPATH/Debug/Toolbar.php(498): CodeIgniter\Debug\Toolbar\Collectors\History->setFiles()
 4 SYSTEMPATH/Debug/Toolbar.php(475): CodeIgniter\Debug\Toolbar->format()
 5 APPPATH/Config/Events.php(47): CodeIgniter\Debug\Toolbar->respond()
 6 SYSTEMPATH/Events/Events.php(154): CodeIgniter\Events\Events::Config\{closure}()
 7 SYSTEMPATH/CodeIgniter.php(442): CodeIgniter\Events\Events::trigger()
 8 SYSTEMPATH/CodeIgniter.php(361): CodeIgniter\CodeIgniter->handleRequest()
 9 FCPATH/index.php(80): CodeIgniter\CodeIgniter->run()
