INFO - 2024-02-15 02:34:43 --> Session: Class initialized using 'CodeIgniter\Session\Handlers\FileHandler' driver.
INFO - 2024-02-15 02:34:44 --> Session: Class initialized using 'CodeIgniter\Session\Handlers\FileHandler' driver.
INFO - 2024-02-15 02:34:59 --> CSRF token verified.
INFO - 2024-02-15 02:35:00 --> Session: Class initialized using 'CodeIgniter\Session\Handlers\FileHandler' driver.
INFO - 2024-02-15 02:35:00 --> Session: Class initialized using 'CodeIgniter\Session\Handlers\FileHandler' driver.
INFO - 2024-02-15 02:35:14 --> Session: Class initialized using 'CodeIgniter\Session\Handlers\FileHandler' driver.
INFO - 2024-02-15 02:38:29 --> Session: Class initialized using 'CodeIgniter\Session\Handlers\FileHandler' driver.
INFO - 2024-02-15 02:38:32 --> Session: Class initialized using 'CodeIgniter\Session\Handlers\FileHandler' driver.
INFO - 2024-02-15 02:38:33 --> Session: Class initialized using 'CodeIgniter\Session\Handlers\FileHandler' driver.
INFO - 2024-02-15 02:38:35 --> Session: Class initialized using 'CodeIgniter\Session\Handlers\FileHandler' driver.
INFO - 2024-02-15 02:38:39 --> Session: Class initialized using 'CodeIgniter\Session\Handlers\FileHandler' driver.
INFO - 2024-02-15 02:38:42 --> Session: Class initialized using 'CodeIgniter\Session\Handlers\FileHandler' driver.
INFO - 2024-02-15 02:38:44 --> Session: Class initialized using 'CodeIgniter\Session\Handlers\FileHandler' driver.
INFO - 2024-02-15 02:39:02 --> Session: Class initialized using 'CodeIgniter\Session\Handlers\FileHandler' driver.
INFO - 2024-02-15 02:39:04 --> Session: Class initialized using 'CodeIgniter\Session\Handlers\FileHandler' driver.
INFO - 2024-02-15 02:43:22 --> Session: Class initialized using 'CodeIgniter\Session\Handlers\FileHandler' driver.
INFO - 2024-02-15 02:43:32 --> Session: Class initialized using 'CodeIgniter\Session\Handlers\FileHandler' driver.
INFO - 2024-02-15 02:44:37 --> Session: Class initialized using 'CodeIgniter\Session\Handlers\FileHandler' driver.
INFO - 2024-02-15 02:45:01 --> Session: Class initialized using 'CodeIgniter\Session\Handlers\FileHandler' driver.
INFO - 2024-02-15 02:46:50 --> Session: Class initialized using 'CodeIgniter\Session\Handlers\FileHandler' driver.
INFO - 2024-02-15 02:48:41 --> Session: Class initialized using 'CodeIgniter\Session\Handlers\FileHandler' driver.
INFO - 2024-02-15 02:48:51 --> Session: Class initialized using 'CodeIgniter\Session\Handlers\FileHandler' driver.
INFO - 2024-02-15 02:50:03 --> Session: Class initialized using 'CodeIgniter\Session\Handlers\FileHandler' driver.
INFO - 2024-02-15 02:50:24 --> Session: Class initialized using 'CodeIgniter\Session\Handlers\FileHandler' driver.
INFO - 2024-02-15 02:51:00 --> Session: Class initialized using 'CodeIgniter\Session\Handlers\FileHandler' driver.
INFO - 2024-02-15 02:51:03 --> Session: Class initialized using 'CodeIgniter\Session\Handlers\FileHandler' driver.
INFO - 2024-02-15 02:51:47 --> Session: Class initialized using 'CodeIgniter\Session\Handlers\FileHandler' driver.
INFO - 2024-02-15 02:51:50 --> Session: Class initialized using 'CodeIgniter\Session\Handlers\FileHandler' driver.
INFO - 2024-02-15 02:51:50 --> Session: Class initialized using 'CodeIgniter\Session\Handlers\FileHandler' driver.
INFO - 2024-02-15 02:51:52 --> Session: Class initialized using 'CodeIgniter\Session\Handlers\FileHandler' driver.
INFO - 2024-02-15 02:51:54 --> Session: Class initialized using 'CodeIgniter\Session\Handlers\FileHandler' driver.
INFO - 2024-02-15 02:51:58 --> Session: Class initialized using 'CodeIgniter\Session\Handlers\FileHandler' driver.
INFO - 2024-02-15 02:52:05 --> Session: Class initialized using 'CodeIgniter\Session\Handlers\FileHandler' driver.
INFO - 2024-02-15 02:52:07 --> Session: Class initialized using 'CodeIgniter\Session\Handlers\FileHandler' driver.
INFO - 2024-02-15 02:52:13 --> Session: Class initialized using 'CodeIgniter\Session\Handlers\FileHandler' driver.
INFO - 2024-02-15 02:52:15 --> Session: Class initialized using 'CodeIgniter\Session\Handlers\FileHandler' driver.
INFO - 2024-02-15 02:52:30 --> Session: Class initialized using 'CodeIgniter\Session\Handlers\FileHandler' driver.
INFO - 2024-02-15 02:52:33 --> Session: Class initialized using 'CodeIgniter\Session\Handlers\FileHandler' driver.
INFO - 2024-02-15 02:55:19 --> Session: Class initialized using 'CodeIgniter\Session\Handlers\FileHandler' driver.
INFO - 2024-02-15 02:56:05 --> Session: Class initialized using 'CodeIgniter\Session\Handlers\FileHandler' driver.
INFO - 2024-02-15 02:57:59 --> Session: Class initialized using 'CodeIgniter\Session\Handlers\FileHandler' driver.
INFO - 2024-02-15 02:59:20 --> Session: Class initialized using 'CodeIgniter\Session\Handlers\FileHandler' driver.
INFO - 2024-02-15 02:59:41 --> Session: Class initialized using 'CodeIgniter\Session\Handlers\FileHandler' driver.
INFO - 2024-02-15 03:00:26 --> Session: Class initialized using 'CodeIgniter\Session\Handlers\FileHandler' driver.
INFO - 2024-02-15 03:01:42 --> Session: Class initialized using 'CodeIgniter\Session\Handlers\FileHandler' driver.
INFO - 2024-02-15 03:02:22 --> Session: Class initialized using 'CodeIgniter\Session\Handlers\FileHandler' driver.
INFO - 2024-02-15 03:02:34 --> Session: Class initialized using 'CodeIgniter\Session\Handlers\FileHandler' driver.
INFO - 2024-02-15 03:02:51 --> Session: Class initialized using 'CodeIgniter\Session\Handlers\FileHandler' driver.
INFO - 2024-02-15 03:03:30 --> Session: Class initialized using 'CodeIgniter\Session\Handlers\FileHandler' driver.
INFO - 2024-02-15 03:03:45 --> Session: Class initialized using 'CodeIgniter\Session\Handlers\FileHandler' driver.
INFO - 2024-02-15 03:03:46 --> Session: Class initialized using 'CodeIgniter\Session\Handlers\FileHandler' driver.
INFO - 2024-02-15 03:04:06 --> Session: Class initialized using 'CodeIgniter\Session\Handlers\FileHandler' driver.
INFO - 2024-02-15 03:04:23 --> Session: Class initialized using 'CodeIgniter\Session\Handlers\FileHandler' driver.
INFO - 2024-02-15 03:04:59 --> Session: Class initialized using 'CodeIgniter\Session\Handlers\FileHandler' driver.
INFO - 2024-02-15 03:05:58 --> Session: Class initialized using 'CodeIgniter\Session\Handlers\FileHandler' driver.
INFO - 2024-02-15 03:12:24 --> Session: Class initialized using 'CodeIgniter\Session\Handlers\FileHandler' driver.
INFO - 2024-02-15 03:12:52 --> Session: Class initialized using 'CodeIgniter\Session\Handlers\FileHandler' driver.
INFO - 2024-02-15 03:14:06 --> Session: Class initialized using 'CodeIgniter\Session\Handlers\FileHandler' driver.
INFO - 2024-02-15 03:15:22 --> Session: Class initialized using 'CodeIgniter\Session\Handlers\FileHandler' driver.
INFO - 2024-02-15 03:16:50 --> Session: Class initialized using 'CodeIgniter\Session\Handlers\FileHandler' driver.
INFO - 2024-02-15 03:17:17 --> Session: Class initialized using 'CodeIgniter\Session\Handlers\FileHandler' driver.
INFO - 2024-02-15 03:18:06 --> Session: Class initialized using 'CodeIgniter\Session\Handlers\FileHandler' driver.
INFO - 2024-02-15 03:18:32 --> Session: Class initialized using 'CodeIgniter\Session\Handlers\FileHandler' driver.
INFO - 2024-02-15 03:19:44 --> Session: Class initialized using 'CodeIgniter\Session\Handlers\FileHandler' driver.
INFO - 2024-02-15 03:20:25 --> Session: Class initialized using 'CodeIgniter\Session\Handlers\FileHandler' driver.
INFO - 2024-02-15 03:20:38 --> Session: Class initialized using 'CodeIgniter\Session\Handlers\FileHandler' driver.
INFO - 2024-02-15 03:20:49 --> Session: Class initialized using 'CodeIgniter\Session\Handlers\FileHandler' driver.
INFO - 2024-02-15 03:21:03 --> Session: Class initialized using 'CodeIgniter\Session\Handlers\FileHandler' driver.
INFO - 2024-02-15 03:21:19 --> Session: Class initialized using 'CodeIgniter\Session\Handlers\FileHandler' driver.
INFO - 2024-02-15 03:21:36 --> Session: Class initialized using 'CodeIgniter\Session\Handlers\FileHandler' driver.
INFO - 2024-02-15 03:22:01 --> Session: Class initialized using 'CodeIgniter\Session\Handlers\FileHandler' driver.
INFO - 2024-02-15 03:23:10 --> Session: Class initialized using 'CodeIgniter\Session\Handlers\FileHandler' driver.
INFO - 2024-02-15 03:23:53 --> Session: Class initialized using 'CodeIgniter\Session\Handlers\FileHandler' driver.
INFO - 2024-02-15 03:24:16 --> Session: Class initialized using 'CodeIgniter\Session\Handlers\FileHandler' driver.
INFO - 2024-02-15 03:25:43 --> Session: Class initialized using 'CodeIgniter\Session\Handlers\FileHandler' driver.
INFO - 2024-02-15 03:26:25 --> Session: Class initialized using 'CodeIgniter\Session\Handlers\FileHandler' driver.
INFO - 2024-02-15 03:26:41 --> Session: Class initialized using 'CodeIgniter\Session\Handlers\FileHandler' driver.
INFO - 2024-02-15 03:27:30 --> Session: Class initialized using 'CodeIgniter\Session\Handlers\FileHandler' driver.
INFO - 2024-02-15 03:27:41 --> Session: Class initialized using 'CodeIgniter\Session\Handlers\FileHandler' driver.
INFO - 2024-02-15 03:27:42 --> Session: Class initialized using 'CodeIgniter\Session\Handlers\FileHandler' driver.
INFO - 2024-02-15 03:27:43 --> Session: Class initialized using 'CodeIgniter\Session\Handlers\FileHandler' driver.
INFO - 2024-02-15 03:27:44 --> Session: Class initialized using 'CodeIgniter\Session\Handlers\FileHandler' driver.
INFO - 2024-02-15 03:27:47 --> Session: Class initialized using 'CodeIgniter\Session\Handlers\FileHandler' driver.
INFO - 2024-02-15 03:27:52 --> Session: Class initialized using 'CodeIgniter\Session\Handlers\FileHandler' driver.
INFO - 2024-02-15 03:27:55 --> Session: Class initialized using 'CodeIgniter\Session\Handlers\FileHandler' driver.
INFO - 2024-02-15 03:28:14 --> Session: Class initialized using 'CodeIgniter\Session\Handlers\FileHandler' driver.
INFO - 2024-02-15 03:28:18 --> Session: Class initialized using 'CodeIgniter\Session\Handlers\FileHandler' driver.
INFO - 2024-02-15 03:28:19 --> Session: Class initialized using 'CodeIgniter\Session\Handlers\FileHandler' driver.
INFO - 2024-02-15 03:30:04 --> Session: Class initialized using 'CodeIgniter\Session\Handlers\FileHandler' driver.
INFO - 2024-02-15 03:30:15 --> Session: Class initialized using 'CodeIgniter\Session\Handlers\FileHandler' driver.
INFO - 2024-02-15 03:30:15 --> Session: Class initialized using 'CodeIgniter\Session\Handlers\FileHandler' driver.
INFO - 2024-02-15 03:31:12 --> CSRF token verified.
INFO - 2024-02-15 03:31:13 --> Session: Class initialized using 'CodeIgniter\Session\Handlers\FileHandler' driver.
INFO - 2024-02-15 03:31:13 --> Session: Class initialized using 'CodeIgniter\Session\Handlers\FileHandler' driver.
INFO - 2024-02-15 03:31:19 --> Session: Class initialized using 'CodeIgniter\Session\Handlers\FileHandler' driver.
INFO - 2024-02-15 03:31:32 --> Session: Class initialized using 'CodeIgniter\Session\Handlers\FileHandler' driver.
INFO - 2024-02-15 03:31:33 --> Session: Class initialized using 'CodeIgniter\Session\Handlers\FileHandler' driver.
INFO - 2024-02-15 03:31:34 --> Session: Class initialized using 'CodeIgniter\Session\Handlers\FileHandler' driver.
INFO - 2024-02-15 03:32:22 --> Session: Class initialized using 'CodeIgniter\Session\Handlers\FileHandler' driver.
CRITICAL - 2024-02-15 03:41:36 --> Too few arguments to function CodeIgniter\Router\RouteCollection::get(), 1 passed in C:\Users\agung\Documents\MATERI SEMESTER 7\TugasAkhir\KodeProgramDestask\Destask\app\Config\Routes.php on line 105 and at least 2 expected
in SYSTEMPATH\Router\RouteCollection.php on line 1016.
 1 APPPATH\Config\Routes.php(105): CodeIgniter\Router\RouteCollection->get('/poin_harian/daftar_poin_harian')
 2 SYSTEMPATH\Router\RouteCollection.php(344): require('C:\\Users\\agung\\Documents\\MATERI SEMESTER 7\\TugasAkhir\\KodeProgramDestask\\Destask\\app\\Config\\Routes.php')
 3 SYSTEMPATH\CodeIgniter.php(810): CodeIgniter\Router\RouteCollection->loadRoutes()
 4 SYSTEMPATH\CodeIgniter.php(450): CodeIgniter\CodeIgniter->tryToRouteIt(null)
 5 SYSTEMPATH\CodeIgniter.php(361): CodeIgniter\CodeIgniter->handleRequest(null, Object(Config\Cache), false)
 6 FCPATH\index.php(80): CodeIgniter\CodeIgniter->run()
 7 SYSTEMPATH\Commands\Server\rewrite.php(47): require_once('C:\\Users\\agung\\Documents\\MATERI SEMESTER 7\\TugasAkhir\\KodeProgramDestask\\Destask\\public\\index.php')
CRITICAL - 2024-02-15 03:41:48 --> Too few arguments to function CodeIgniter\Router\RouteCollection::get(), 1 passed in C:\Users\agung\Documents\MATERI SEMESTER 7\TugasAkhir\KodeProgramDestask\Destask\app\Config\Routes.php on line 105 and at least 2 expected
in SYSTEMPATH\Router\RouteCollection.php on line 1016.
 1 APPPATH\Config\Routes.php(105): CodeIgniter\Router\RouteCollection->get('/poin_harian/daftar_poin_harian')
 2 SYSTEMPATH\Router\RouteCollection.php(344): require('C:\\Users\\agung\\Documents\\MATERI SEMESTER 7\\TugasAkhir\\KodeProgramDestask\\Destask\\app\\Config\\Routes.php')
 3 SYSTEMPATH\CodeIgniter.php(810): CodeIgniter\Router\RouteCollection->loadRoutes()
 4 SYSTEMPATH\CodeIgniter.php(450): CodeIgniter\CodeIgniter->tryToRouteIt(null)
 5 SYSTEMPATH\CodeIgniter.php(361): CodeIgniter\CodeIgniter->handleRequest(null, Object(Config\Cache), false)
 6 FCPATH\index.php(80): CodeIgniter\CodeIgniter->run()
 7 SYSTEMPATH\Commands\Server\rewrite.php(47): require_once('C:\\Users\\agung\\Documents\\MATERI SEMESTER 7\\TugasAkhir\\KodeProgramDestask\\Destask\\public\\index.php')
CRITICAL - 2024-02-15 03:41:50 --> Too few arguments to function CodeIgniter\Router\RouteCollection::get(), 1 passed in C:\Users\agung\Documents\MATERI SEMESTER 7\TugasAkhir\KodeProgramDestask\Destask\app\Config\Routes.php on line 105 and at least 2 expected
in SYSTEMPATH\Router\RouteCollection.php on line 1016.
 1 APPPATH\Config\Routes.php(105): CodeIgniter\Router\RouteCollection->get('/poin_harian/daftar_poin_harian')
 2 SYSTEMPATH\Router\RouteCollection.php(344): require('C:\\Users\\agung\\Documents\\MATERI SEMESTER 7\\TugasAkhir\\KodeProgramDestask\\Destask\\app\\Config\\Routes.php')
 3 SYSTEMPATH\CodeIgniter.php(810): CodeIgniter\Router\RouteCollection->loadRoutes()
 4 SYSTEMPATH\CodeIgniter.php(450): CodeIgniter\CodeIgniter->tryToRouteIt(null)
 5 SYSTEMPATH\CodeIgniter.php(361): CodeIgniter\CodeIgniter->handleRequest(null, Object(Config\Cache), false)
 6 FCPATH\index.php(80): CodeIgniter\CodeIgniter->run()
 7 SYSTEMPATH\Commands\Server\rewrite.php(47): require_once('C:\\Users\\agung\\Documents\\MATERI SEMESTER 7\\TugasAkhir\\KodeProgramDestask\\Destask\\public\\index.php')
INFO - 2024-02-15 03:42:08 --> Session: Class initialized using 'CodeIgniter\Session\Handlers\FileHandler' driver.
INFO - 2024-02-15 03:42:22 --> CSRF token verified.
INFO - 2024-02-15 03:42:23 --> Session: Class initialized using 'CodeIgniter\Session\Handlers\FileHandler' driver.
INFO - 2024-02-15 03:42:23 --> Session: Class initialized using 'CodeIgniter\Session\Handlers\FileHandler' driver.
INFO - 2024-02-15 03:42:27 --> Session: Class initialized using 'CodeIgniter\Session\Handlers\FileHandler' driver.
CRITICAL - 2024-02-15 03:46:13 --> Too few arguments to function CodeIgniter\Router\RouteCollection::get(), 1 passed in C:\Users\agung\Documents\MATERI SEMESTER 7\TugasAkhir\KodeProgramDestask\Destask\app\Config\Routes.php on line 105 and at least 2 expected
in SYSTEMPATH\Router\RouteCollection.php on line 1016.
 1 APPPATH\Config\Routes.php(105): CodeIgniter\Router\RouteCollection->get('/target_poin_harian/daftar_target_poin_harian')
 2 SYSTEMPATH\Router\RouteCollection.php(344): require('C:\\Users\\agung\\Documents\\MATERI SEMESTER 7\\TugasAkhir\\KodeProgramDestask\\Destask\\app\\Config\\Routes.php')
 3 SYSTEMPATH\CLI\Console.php(39): CodeIgniter\Router\RouteCollection->loadRoutes()
 4 ROOTPATH\spark(102): CodeIgniter\CLI\Console->run()
INFO - 2024-02-15 04:07:18 --> Session: Class initialized using 'CodeIgniter\Session\Handlers\FileHandler' driver.
INFO - 2024-02-15 04:09:00 --> Session: Class initialized using 'CodeIgniter\Session\Handlers\FileHandler' driver.
CRITICAL - 2024-02-15 04:09:06 --> Invalid file: "target_poin_harian/daftar_target_poin_harian.php"
in SYSTEMPATH\Exceptions\FrameworkException.php on line 39.
 1 SYSTEMPATH\View\View.php(216): CodeIgniter\Exceptions\FrameworkException::forInvalidFile('target_poin_harian/daftar_target_poin_harian.php')
 2 SYSTEMPATH\Common.php(1190): CodeIgniter\View\View->render('target_poin_harian/daftar_target_poin_harian', [], true)
 3 APPPATH\Controllers\TargetPoinHarian.php(25): view('target_poin_harian/daftar_target_poin_harian', [...])
 4 SYSTEMPATH\CodeIgniter.php(942): App\Controllers\TargetPoinHarian->daftar_target_poin_harian()
 5 SYSTEMPATH\CodeIgniter.php(502): CodeIgniter\CodeIgniter->runController(Object(App\Controllers\TargetPoinHarian))
 6 SYSTEMPATH\CodeIgniter.php(361): CodeIgniter\CodeIgniter->handleRequest(null, Object(Config\Cache), false)
 7 FCPATH\index.php(80): CodeIgniter\CodeIgniter->run()
 8 SYSTEMPATH\Commands\Server\rewrite.php(47): require_once('C:\\Users\\agung\\Documents\\MATERI SEMESTER 7\\TugasAkhir\\KodeProgramDestask\\Destask\\public\\index.php')
INFO - 2024-02-15 04:11:41 --> Session: Class initialized using 'CodeIgniter\Session\Handlers\FileHandler' driver.
INFO - 2024-02-15 04:11:42 --> Session: Class initialized using 'CodeIgniter\Session\Handlers\FileHandler' driver.
INFO - 2024-02-15 04:16:17 --> Session: Class initialized using 'CodeIgniter\Session\Handlers\FileHandler' driver.
INFO - 2024-02-15 04:16:17 --> Session: Class initialized using 'CodeIgniter\Session\Handlers\FileHandler' driver.
INFO - 2024-02-15 04:16:24 --> CSRF token verified.
INFO - 2024-02-15 04:16:25 --> Session: Class initialized using 'CodeIgniter\Session\Handlers\FileHandler' driver.
INFO - 2024-02-15 04:16:26 --> Session: Class initialized using 'CodeIgniter\Session\Handlers\FileHandler' driver.
INFO - 2024-02-15 04:16:29 --> Session: Class initialized using 'CodeIgniter\Session\Handlers\FileHandler' driver.
INFO - 2024-02-15 04:16:35 --> Session: Class initialized using 'CodeIgniter\Session\Handlers\FileHandler' driver.
INFO - 2024-02-15 04:16:35 --> Session: Class initialized using 'CodeIgniter\Session\Handlers\FileHandler' driver.
INFO - 2024-02-15 08:51:44 --> Session: Class initialized using 'CodeIgniter\Session\Handlers\FileHandler' driver.
INFO - 2024-02-15 08:51:54 --> CSRF token verified.
CRITICAL - 2024-02-15 08:52:29 --> file_get_contents(https://www.google.com/recaptcha/api/siteverify?secret=6Lek8VwpAAAAAJ6hn3F0BYFMy4u4pAr2VPd2MPYS&amp;response=03AFcWeA7Xsap1bRCt4zsO0-l-SoSGSE4dXMFDqawlZtWg8uInqbbtre6L_kroukkPBvq6t5dQ9Mrz8PcQOcsZaEq2APYdIyR1u9cpBaFrp2aiL5uiJJ45Yeb48hq2fmhzL2CpJy4A9pJHCMTnFrGR60QwlVDulNRMoeDECMmuyygeWJD4isfU5SEd36V3fWSbd187_UvKLA3esr6DAFqHnpwDD-5BYQBHfp-jKNw0mRta148ZsxaWehRbYYXw2EdkhodnMoXHdBftSdjOPtxtP-Ahd2ZgsQDyeMmCC5XceHv9f7F6ZaQjKQdxBi24rtiRCo5zZSPJTtsLRPMU_7vWN1eoptPibdss3kJV1-Uxk4fH9MZ6jf4CKgxLtHePhdL6vK8KOH6orKrwbHhiyoohWi5JM68NGpI4HuUHGfHimcloPqP0rjOnD0l4hWe2jTqHdZQo86Lqbml3UYm-8266-xF2SZGGPibtD1OykPxR4bsoG0tPIbl1Yuh8BEeU-O00va_63z-ht6uvbdYxWC_7kO0REgASVpUn9y-qG6ExCyAsYYb-cYSU6_ynQxNl8uhuUn3JU4QsGIQcjE0351VpxEHx_XRwb5gbVqbC1hIM4fGYZ9vzah044o2A0krA_Q7nzLufSdPEZgx0mYMI2rcH16Xt1vgAbgwd3jY_Fiqu9OLS7Fr56AuAyyv4KzlLnN4eorBIXwCnZVupKpjObEnjbTQiP30iByR6JanxhxG0f3k2nTK4HZmj2X5yUBq6gdvZxAcLp39rlTcXw9QXl5XrECDP5ezON0dRP_UCMcwnN_1STYa5a_E98pN4jBCUHkVeFinilofIytm_9EfYP7ZjFTnJBlRxgwBV24BLOVcl2rxTEdU7gBr5YsiJZE47A3pXl3H7W8jsZPPGMKTLXOdkyHfCoYt9vdkb1IgnQNyEORcQNaRJYc8ckPVKRLpJxhZmCIw8VvWit__U-WV4yRzk1uM6atUPsn9LiBwyn9cm5U2QLPIE1ItWHN6mVjP35O_vM64wxYCq0uTpyleh6rWXhqQW3gI_4txMjraEJmHK23lSx7p17A5LHOREQStsgHAOPLATfOPMwZ1v0rPPhmwQoneJ2axusy2kjxkcdCkuKjjnfhAbLS9P9_M7OZmyZl7NNuW8RMlItGpVr4pjKnUsz-OwgGZtIwB6Pk015KB4NW9deaj_t9NHWueinz6v1DT1X2lgXBhfgw9fs5EPu_CaPN0_yftd2-16BsrSxLSof8HOeINkXW0ODm-kLtcjyb5izkBF7Io7-wPLs0EejG0QiVftSRXlreHP7Q-O6VJcC8yqImxyDdt8WcLDsWFPWHgX9J0uaBEAYStIHUNdS-WfB5Hqa_muCQUEOA2YvAnjZOEM3MnUvN94DO6r8qhQLwrAhRje612gP2JBmAl5Rvb_fZQbYBYZYIz1OBovI8Fhn4LhKV-yYZ9E1ZL35X879uNPY111gxvR8r_ZCjKFqA_ewF-8TKaa9SFX7iz6cwzhDqnAEk2UYxwtDZpXpxZ6kwrcEde6N86C3F2rrF7IyoOTKVYV1gOgBTxRHAVHYlRIyeZKi4utoKjrGfsJK2j_IHTIUFM8RWxrTLMzs0snWxMYPA2fTowShWvcO3pKDIFg96mAY5kCTzFnxXw): Failed to open stream: HTTP request failed!
in APPPATH\Controllers\Autentikasi.php on line 27.
 1 [internal function]: CodeIgniter\Debug\Exceptions->errorHandler(2, 'file_get_contents(https://www.google.com/recaptcha/api/siteverify?secret=6Lek8VwpAAAAAJ6hn3F0BYFMy4u4pAr2VPd2MPYS&amp;response=03AFcWeA7Xsap1bRCt4zsO0-l-SoSGSE4dXMFDqawlZtWg8uInqbbtre6L_kroukkPBvq6t5dQ9Mrz8PcQOcsZaEq2APYdIyR1u9cpBaFrp2aiL5uiJJ45Yeb48hq2fmhzL2CpJy4A9pJHCMTnFrGR60QwlVDulNRMoeDECMmuyygeWJD4isfU5SEd36V3fWSbd187_UvKLA3esr6DAFqHnpwDD-5BYQBHfp-jKNw0mRta148ZsxaWehRbYYXw2EdkhodnMoXHdBftSdjOPtxtP-Ahd2ZgsQDyeMmCC5XceHv9f7F6ZaQjKQdxBi24rtiRCo5zZSPJTtsLRPMU_7vWN1eoptPibdss3kJV1-Uxk4fH9MZ6jf4CKgxLtHePhdL6vK8KOH6orKrwbHhiyoohWi5JM68NGpI4HuUHGfHimcloPqP0rjOnD0l4hWe2jTqHdZQo86Lqbml3UYm-8266-xF2SZGGPibtD1OykPxR4bsoG0tPIbl1Yuh8BEeU-O00va_63z-ht6uvbdYxWC_7kO0REgASVpUn9y-qG6ExCyAsYYb-cYSU6_ynQxNl8uhuUn3JU4QsGIQcjE0351VpxEHx_XRwb5gbVqbC1hIM4fGYZ9vzah044o2A0krA_Q7nzLufSdPEZgx0mYMI2rcH16Xt1vgAbgwd3jY_Fiqu9OLS7Fr56AuAyyv4KzlLnN4eorBIXwCnZVupKpjObEnjbTQiP30iByR6JanxhxG0f3k2nTK4HZmj2X5yUBq6gdvZxAcLp39rlTcXw9QXl5XrECDP5ezON0dRP_UCMcwnN_1STYa5a_E98pN4jBCUHkVeFinilofIytm_9EfYP7ZjFTnJBlRxgwBV24BLOVcl2rxTEdU7gBr5YsiJZE47A3pXl3H7W8jsZPPGMKTLXOdkyHfCoYt9vdkb1IgnQNyEORcQNaRJYc8ckPVKRLpJxhZmCIw8VvWit__U-WV4yRzk1uM6atUPsn9LiBwyn9cm5U2QLPIE1ItWHN6mVjP35O_vM64wxYCq0uTpyleh6rWXhqQW3gI_4txMjraEJmHK23lSx7p17A5LHOREQStsgHAOPLATfOPMwZ1v0rPPhmwQoneJ2axusy2kjxkcdCkuKjjnfhAbLS9P9_M7OZmyZl7NNuW8RMlItGpVr4pjKnUsz-OwgGZtIwB6Pk015KB4NW9deaj_t9NHWueinz6v1DT1X2lgXBhfgw9fs5EPu_CaPN0_yftd2-16BsrSxLSof8HOeINkXW0ODm-kLtcjyb5izkBF7Io7-wPLs0EejG0QiVftSRXlreHP7Q-O6VJcC8yqImxyDdt8WcLDsWFPWHgX9J0uaBEAYStIHUNdS-WfB5Hqa_muCQUEOA2YvAnjZOEM3MnUvN94DO6r8qhQLwrAhRje612gP2JBmAl5Rvb_fZQbYBYZYIz1OBovI8Fhn4LhKV-yYZ9E1ZL35X879uNPY111gxvR8r_ZCjKFqA_ewF-8TKaa9SFX7iz6cwzhDqnAEk2UYxwtDZpXpxZ6kwrcEde6N86C3F2rrF7IyoOTKVYV1gOgBTxRHAVHYlRIyeZKi4utoKjrGfsJK2j_IHTIUFM8RWxrTLMzs0snWxMYPA2fTowShWvcO3pKDIFg96mAY5kCTzFnxXw): Failed to open stream: HTTP request failed!', 'C:\\Users\\agung\\Documents\\MATERI SEMESTER 7\\TugasAkhir\\KodeProgramDestask\\Destask\\app\\Controllers\\Autentikasi.php', 27)
 2 APPPATH\Controllers\Autentikasi.php(27): file_get_contents('https://www.google.com/recaptcha/api/siteverify?secret=6Lek8VwpAAAAAJ6hn3F0BYFMy4u4pAr2VPd2MPYS&response=03AFcWeA7Xsap1bRCt4zsO0-l-SoSGSE4dXMFDqawlZtWg8uInqbbtre6L_kroukkPBvq6t5dQ9Mrz8PcQOcsZaEq2APYdIyR1u9cpBaFrp2aiL5uiJJ45Yeb48hq2fmhzL2CpJy4A9pJHCMTnFrGR60QwlVDulNRMoeDECMmuyygeWJD4isfU5SEd36V3fWSbd187_UvKLA3esr6DAFqHnpwDD-5BYQBHfp-jKNw0mRta148ZsxaWehRbYYXw2EdkhodnMoXHdBftSdjOPtxtP-Ahd2ZgsQDyeMmCC5XceHv9f7F6ZaQjKQdxBi24rtiRCo5zZSPJTtsLRPMU_7vWN1eoptPibdss3kJV1-Uxk4fH9MZ6jf4CKgxLtHePhdL6vK8KOH6orKrwbHhiyoohWi5JM68NGpI4HuUHGfHimcloPqP0rjOnD0l4hWe2jTqHdZQo86Lqbml3UYm-8266-xF2SZGGPibtD1OykPxR4bsoG0tPIbl1Yuh8BEeU-O00va_63z-ht6uvbdYxWC_7kO0REgASVpUn9y-qG6ExCyAsYYb-cYSU6_ynQxNl8uhuUn3JU4QsGIQcjE0351VpxEHx_XRwb5gbVqbC1hIM4fGYZ9vzah044o2A0krA_Q7nzLufSdPEZgx0mYMI2rcH16Xt1vgAbgwd3jY_Fiqu9OLS7Fr56AuAyyv4KzlLnN4eorBIXwCnZVupKpjObEnjbTQiP30iByR6JanxhxG0f3k2nTK4HZmj2X5yUBq6gdvZxAcLp39rlTcXw9QXl5XrECDP5ezON0dRP_UCMcwnN_1STYa5a_E98pN4jBCUHkVeFinilofIytm_9EfYP7ZjFTnJBlRxgwBV24BLOVcl2rxTEdU7gBr5YsiJZE47A3pXl3H7W8jsZPPGMKTLXOdkyHfCoYt9vdkb1IgnQNyEORcQNaRJYc8ckPVKRLpJxhZmCIw8VvWit__U-WV4yRzk1uM6atUPsn9LiBwyn9cm5U2QLPIE1ItWHN6mVjP35O_vM64wxYCq0uTpyleh6rWXhqQW3gI_4txMjraEJmHK23lSx7p17A5LHOREQStsgHAOPLATfOPMwZ1v0rPPhmwQoneJ2axusy2kjxkcdCkuKjjnfhAbLS9P9_M7OZmyZl7NNuW8RMlItGpVr4pjKnUsz-OwgGZtIwB6Pk015KB4NW9deaj_t9NHWueinz6v1DT1X2lgXBhfgw9fs5EPu_CaPN0_yftd2-16BsrSxLSof8HOeINkXW0ODm-kLtcjyb5izkBF7Io7-wPLs0EejG0QiVftSRXlreHP7Q-O6VJcC8yqImxyDdt8WcLDsWFPWHgX9J0uaBEAYStIHUNdS-WfB5Hqa_muCQUEOA2YvAnjZOEM3MnUvN94DO6r8qhQLwrAhRje612gP2JBmAl5Rvb_fZQbYBYZYIz1OBovI8Fhn4LhKV-yYZ9E1ZL35X879uNPY111gxvR8r_ZCjKFqA_ewF-8TKaa9SFX7iz6cwzhDqnAEk2UYxwtDZpXpxZ6kwrcEde6N86C3F2rrF7IyoOTKVYV1gOgBTxRHAVHYlRIyeZKi4utoKjrGfsJK2j_IHTIUFM8RWxrTLMzs0snWxMYPA2fTowShWvcO3pKDIFg96mAY5kCTzFnxXw')
 3 SYSTEMPATH\CodeIgniter.php(942): App\Controllers\Autentikasi->login()
 4 SYSTEMPATH\CodeIgniter.php(502): CodeIgniter\CodeIgniter->runController(Object(App\Controllers\Autentikasi))
 5 SYSTEMPATH\CodeIgniter.php(361): CodeIgniter\CodeIgniter->handleRequest(null, Object(Config\Cache), false)
 6 FCPATH\index.php(80): CodeIgniter\CodeIgniter->run()
 7 SYSTEMPATH\Commands\Server\rewrite.php(47): require_once('C:\\Users\\agung\\Documents\\MATERI SEMESTER 7\\TugasAkhir\\KodeProgramDestask\\Destask\\public\\index.php')
INFO - 2024-02-15 08:52:42 --> Session: Class initialized using 'CodeIgniter\Session\Handlers\FileHandler' driver.
INFO - 2024-02-15 08:52:50 --> CSRF token verified.
INFO - 2024-02-15 08:52:59 --> Session: Class initialized using 'CodeIgniter\Session\Handlers\FileHandler' driver.
INFO - 2024-02-15 08:52:59 --> Session: Class initialized using 'CodeIgniter\Session\Handlers\FileHandler' driver.
INFO - 2024-02-15 08:54:14 --> Session: Class initialized using 'CodeIgniter\Session\Handlers\FileHandler' driver.
INFO - 2024-02-15 08:55:34 --> Session: Class initialized using 'CodeIgniter\Session\Handlers\FileHandler' driver.
INFO - 2024-02-15 08:56:16 --> Session: Class initialized using 'CodeIgniter\Session\Handlers\FileHandler' driver.
INFO - 2024-02-15 08:56:34 --> Session: Class initialized using 'CodeIgniter\Session\Handlers\FileHandler' driver.
INFO - 2024-02-15 08:57:15 --> Session: Class initialized using 'CodeIgniter\Session\Handlers\FileHandler' driver.
INFO - 2024-02-15 08:57:34 --> Session: Class initialized using 'CodeIgniter\Session\Handlers\FileHandler' driver.
INFO - 2024-02-15 08:58:13 --> Session: Class initialized using 'CodeIgniter\Session\Handlers\FileHandler' driver.
INFO - 2024-02-15 08:58:52 --> Session: Class initialized using 'CodeIgniter\Session\Handlers\FileHandler' driver.
INFO - 2024-02-15 08:59:02 --> Session: Class initialized using 'CodeIgniter\Session\Handlers\FileHandler' driver.
INFO - 2024-02-15 09:00:05 --> Session: Class initialized using 'CodeIgniter\Session\Handlers\FileHandler' driver.
INFO - 2024-02-15 09:00:21 --> Session: Class initialized using 'CodeIgniter\Session\Handlers\FileHandler' driver.
INFO - 2024-02-15 09:00:34 --> Session: Class initialized using 'CodeIgniter\Session\Handlers\FileHandler' driver.
INFO - 2024-02-15 09:00:47 --> Session: Class initialized using 'CodeIgniter\Session\Handlers\FileHandler' driver.
INFO - 2024-02-15 09:00:49 --> Session: Class initialized using 'CodeIgniter\Session\Handlers\FileHandler' driver.
INFO - 2024-02-15 09:00:51 --> Session: Class initialized using 'CodeIgniter\Session\Handlers\FileHandler' driver.
INFO - 2024-02-15 09:00:52 --> Session: Class initialized using 'CodeIgniter\Session\Handlers\FileHandler' driver.
INFO - 2024-02-15 09:00:54 --> Session: Class initialized using 'CodeIgniter\Session\Handlers\FileHandler' driver.
INFO - 2024-02-15 09:01:02 --> Session: Class initialized using 'CodeIgniter\Session\Handlers\FileHandler' driver.
INFO - 2024-02-15 09:01:07 --> Session: Class initialized using 'CodeIgniter\Session\Handlers\FileHandler' driver.
INFO - 2024-02-15 09:01:11 --> Session: Class initialized using 'CodeIgniter\Session\Handlers\FileHandler' driver.
INFO - 2024-02-15 09:01:24 --> Session: Class initialized using 'CodeIgniter\Session\Handlers\FileHandler' driver.
INFO - 2024-02-15 09:01:34 --> Session: Class initialized using 'CodeIgniter\Session\Handlers\FileHandler' driver.
INFO - 2024-02-15 09:01:36 --> Session: Class initialized using 'CodeIgniter\Session\Handlers\FileHandler' driver.
INFO - 2024-02-15 09:02:45 --> Session: Class initialized using 'CodeIgniter\Session\Handlers\FileHandler' driver.
INFO - 2024-02-15 09:03:04 --> Session: Class initialized using 'CodeIgniter\Session\Handlers\FileHandler' driver.
INFO - 2024-02-15 09:03:19 --> Session: Class initialized using 'CodeIgniter\Session\Handlers\FileHandler' driver.
INFO - 2024-02-15 09:03:36 --> Session: Class initialized using 'CodeIgniter\Session\Handlers\FileHandler' driver.
INFO - 2024-02-15 09:04:05 --> Session: Class initialized using 'CodeIgniter\Session\Handlers\FileHandler' driver.
INFO - 2024-02-15 09:04:28 --> Session: Class initialized using 'CodeIgniter\Session\Handlers\FileHandler' driver.
INFO - 2024-02-15 09:04:41 --> Session: Class initialized using 'CodeIgniter\Session\Handlers\FileHandler' driver.
INFO - 2024-02-15 09:04:44 --> Session: Class initialized using 'CodeIgniter\Session\Handlers\FileHandler' driver.
INFO - 2024-02-15 09:05:48 --> Session: Class initialized using 'CodeIgniter\Session\Handlers\FileHandler' driver.
INFO - 2024-02-15 09:05:56 --> Session: Class initialized using 'CodeIgniter\Session\Handlers\FileHandler' driver.
INFO - 2024-02-15 09:05:56 --> Session: Class initialized using 'CodeIgniter\Session\Handlers\FileHandler' driver.
INFO - 2024-02-15 09:06:07 --> CSRF token verified.
INFO - 2024-02-15 09:06:07 --> Session: Class initialized using 'CodeIgniter\Session\Handlers\FileHandler' driver.
INFO - 2024-02-15 09:06:07 --> Session: Class initialized using 'CodeIgniter\Session\Handlers\FileHandler' driver.
INFO - 2024-02-15 09:06:12 --> Session: Class initialized using 'CodeIgniter\Session\Handlers\FileHandler' driver.
INFO - 2024-02-15 09:06:41 --> Session: Class initialized using 'CodeIgniter\Session\Handlers\FileHandler' driver.
INFO - 2024-02-15 09:15:58 --> Session: Class initialized using 'CodeIgniter\Session\Handlers\FileHandler' driver.
INFO - 2024-02-15 09:16:22 --> Session: Class initialized using 'CodeIgniter\Session\Handlers\FileHandler' driver.
INFO - 2024-02-15 09:16:37 --> Session: Class initialized using 'CodeIgniter\Session\Handlers\FileHandler' driver.
INFO - 2024-02-15 09:52:47 --> Session: Class initialized using 'CodeIgniter\Session\Handlers\FileHandler' driver.
INFO - 2024-02-15 09:52:48 --> Session: Class initialized using 'CodeIgniter\Session\Handlers\FileHandler' driver.
INFO - 2024-02-15 09:53:28 --> CSRF token verified.
INFO - 2024-02-15 09:53:30 --> Session: Class initialized using 'CodeIgniter\Session\Handlers\FileHandler' driver.
INFO - 2024-02-15 09:53:30 --> Session: Class initialized using 'CodeIgniter\Session\Handlers\FileHandler' driver.
INFO - 2024-02-15 09:53:33 --> Session: Class initialized using 'CodeIgniter\Session\Handlers\FileHandler' driver.
INFO - 2024-02-15 09:53:36 --> Session: Class initialized using 'CodeIgniter\Session\Handlers\FileHandler' driver.
INFO - 2024-02-15 09:53:37 --> Session: Class initialized using 'CodeIgniter\Session\Handlers\FileHandler' driver.
INFO - 2024-02-15 09:53:38 --> Session: Class initialized using 'CodeIgniter\Session\Handlers\FileHandler' driver.
INFO - 2024-02-15 09:53:40 --> Session: Class initialized using 'CodeIgniter\Session\Handlers\FileHandler' driver.
INFO - 2024-02-15 09:53:48 --> Session: Class initialized using 'CodeIgniter\Session\Handlers\FileHandler' driver.
INFO - 2024-02-15 09:53:50 --> Session: Class initialized using 'CodeIgniter\Session\Handlers\FileHandler' driver.
ERROR - 2024-02-15 09:54:10 --> mysqli_sql_exception: Unknown column 'bulan' in 'field list' in C:\Users\agung\Documents\MATERI SEMESTER 7\TugasAkhir\KodeProgramDestask\Destask\vendor\codeigniter4\framework\system\Database\MySQLi\Connection.php:306
Stack trace:
#0 C:\Users\agung\Documents\MATERI SEMESTER 7\TugasAkhir\KodeProgramDestask\Destask\vendor\codeigniter4\framework\system\Database\MySQLi\Connection.php(306): mysqli->query('INSERT INTO `us...', 0)
#1 C:\Users\agung\Documents\MATERI SEMESTER 7\TugasAkhir\KodeProgramDestask\Destask\vendor\codeigniter4\framework\system\Database\BaseConnection.php(693): CodeIgniter\Database\MySQLi\Connection->execute('INSERT INTO `us...')
#2 C:\Users\agung\Documents\MATERI SEMESTER 7\TugasAkhir\KodeProgramDestask\Destask\vendor\codeigniter4\framework\system\Database\BaseConnection.php(607): CodeIgniter\Database\BaseConnection->simpleQuery('INSERT INTO `us...')
#3 C:\Users\agung\Documents\MATERI SEMESTER 7\TugasAkhir\KodeProgramDestask\Destask\vendor\codeigniter4\framework\system\Database\BaseBuilder.php(1800): CodeIgniter\Database\BaseConnection->query('INSERT INTO `us...', NULL, false)
#4 C:\Users\agung\Documents\MATERI SEMESTER 7\TugasAkhir\KodeProgramDestask\Destask\vendor\codeigniter4\framework\system\Database\BaseBuilder.php(2191): CodeIgniter\Database\BaseBuilder->batchExecute('_insertBatch', 100)
#5 C:\Users\agung\Documents\MATERI SEMESTER 7\TugasAkhir\KodeProgramDestask\Destask\app\Database\Seeds\TargetPoinHarianSeeder.php(70): CodeIgniter\Database\BaseBuilder->insertBatch(Array)
#6 C:\Users\agung\Documents\MATERI SEMESTER 7\TugasAkhir\KodeProgramDestask\Destask\vendor\codeigniter4\framework\system\Database\Seeder.php(146): App\Database\Seeds\TargetPoinHarianSeeder->run()
#7 C:\Users\agung\Documents\MATERI SEMESTER 7\TugasAkhir\KodeProgramDestask\Destask\vendor\codeigniter4\framework\system\Commands\Database\Seed.php(77): CodeIgniter\Database\Seeder->call('App\\Database\\Se...')
#8 C:\Users\agung\Documents\MATERI SEMESTER 7\TugasAkhir\KodeProgramDestask\Destask\vendor\codeigniter4\framework\system\CLI\Commands.php(65): CodeIgniter\Commands\Database\Seed->run(Array)
#9 C:\Users\agung\Documents\MATERI SEMESTER 7\TugasAkhir\KodeProgramDestask\Destask\vendor\codeigniter4\framework\system\CLI\Console.php(46): CodeIgniter\CLI\Commands->run('db:seed', Array)
#10 C:\Users\agung\Documents\MATERI SEMESTER 7\TugasAkhir\KodeProgramDestask\Destask\spark(102): CodeIgniter\CLI\Console->run()
#11 {main}
INFO - 2024-02-15 09:55:08 --> Session: Class initialized using 'CodeIgniter\Session\Handlers\FileHandler' driver.
INFO - 2024-02-15 09:55:12 --> Session: Class initialized using 'CodeIgniter\Session\Handlers\FileHandler' driver.
INFO - 2024-02-15 09:55:16 --> CSRF token verified.
INFO - 2024-02-15 09:55:16 --> Session: Class initialized using 'CodeIgniter\Session\Handlers\FileHandler' driver.
INFO - 2024-02-15 09:55:16 --> Session: Class initialized using 'CodeIgniter\Session\Handlers\FileHandler' driver.
INFO - 2024-02-15 09:55:22 --> Session: Class initialized using 'CodeIgniter\Session\Handlers\FileHandler' driver.
INFO - 2024-02-15 09:55:22 --> Session: Class initialized using 'CodeIgniter\Session\Handlers\FileHandler' driver.
INFO - 2024-02-15 09:55:31 --> CSRF token verified.
INFO - 2024-02-15 09:55:31 --> Session: Class initialized using 'CodeIgniter\Session\Handlers\FileHandler' driver.
INFO - 2024-02-15 09:55:31 --> Session: Class initialized using 'CodeIgniter\Session\Handlers\FileHandler' driver.
INFO - 2024-02-15 09:55:35 --> Session: Class initialized using 'CodeIgniter\Session\Handlers\FileHandler' driver.
INFO - 2024-02-15 09:56:07 --> Session: Class initialized using 'CodeIgniter\Session\Handlers\FileHandler' driver.
INFO - 2024-02-15 09:56:12 --> Session: Class initialized using 'CodeIgniter\Session\Handlers\FileHandler' driver.
INFO - 2024-02-15 09:56:16 --> Session: Class initialized using 'CodeIgniter\Session\Handlers\FileHandler' driver.
INFO - 2024-02-15 09:57:09 --> Session: Class initialized using 'CodeIgniter\Session\Handlers\FileHandler' driver.
INFO - 2024-02-15 10:07:26 --> Session: Class initialized using 'CodeIgniter\Session\Handlers\FileHandler' driver.
CRITICAL - 2024-02-15 10:15:35 --> Undefined variable $tph
in APPPATH\Views\target_poin_harian\daftar_target_poin_harian.php on line 118.
 1 APPPATH\Views\target_poin_harian\daftar_target_poin_harian.php(118): CodeIgniter\Debug\Exceptions->errorHandler(2, 'Undefined variable $tph', 'C:\\Users\\agung\\Documents\\MATERI SEMESTER 7\\TugasAkhir\\KodeProgramDestask\\Destask\\app\\Views\\target_poin_harian\\daftar_target_poin_harian.php', 118)
 2 SYSTEMPATH\View\View.php(228): include('C:\\Users\\agung\\Documents\\MATERI SEMESTER 7\\TugasAkhir\\KodeProgramDestask\\Destask\\app\\Views\\target_poin_harian\\daftar_target_poin_harian.php')
 3 SYSTEMPATH\View\View.php(231): CodeIgniter\View\View->CodeIgniter\View\{closure}()
 4 SYSTEMPATH\Common.php(1190): CodeIgniter\View\View->render('target_poin_harian/daftar_target_poin_harian', [], true)
 5 APPPATH\Controllers\TargetPoinHarian.php(25): view('target_poin_harian/daftar_target_poin_harian', [...])
 6 SYSTEMPATH\CodeIgniter.php(942): App\Controllers\TargetPoinHarian->daftar_target_poin_harian()
 7 SYSTEMPATH\CodeIgniter.php(502): CodeIgniter\CodeIgniter->runController(Object(App\Controllers\TargetPoinHarian))
 8 SYSTEMPATH\CodeIgniter.php(361): CodeIgniter\CodeIgniter->handleRequest(null, Object(Config\Cache), false)
 9 FCPATH\index.php(80): CodeIgniter\CodeIgniter->run()
10 SYSTEMPATH\Commands\Server\rewrite.php(47): require_once('C:\\Users\\agung\\Documents\\MATERI SEMESTER 7\\TugasAkhir\\KodeProgramDestask\\Destask\\public\\index.php')
INFO - 2024-02-15 10:16:38 --> Session: Class initialized using 'CodeIgniter\Session\Handlers\FileHandler' driver.
