CRITICAL - 2025-01-12 06:49:43 --> ErrorException: Undefined array key "g-recaptcha-response"
in APPPATH/Controllers/Autentikasi.php on line 27.
 1 APPPATH/Controllers/Autentikasi.php(27): CodeIgniter\Debug\Exceptions->errorHandler()
 2 SYSTEMPATH/CodeIgniter.php(941): App\Controllers\Autentikasi->login()
 3 SYSTEMPATH/CodeIgniter.php(502): CodeIgniter\CodeIgniter->runController()
 4 SYSTEMPATH/CodeIgniter.php(361): CodeIgniter\CodeIgniter->handleRequest()
 5 FCPATH/index.php(80): CodeIgniter\CodeIgniter->run()
CRITICAL - 2025-01-12 06:49:53 --> ErrorException: Undefined array key "g-recaptcha-response"
in APPPATH/Controllers/Autentikasi.php on line 27.
 1 APPPATH/Controllers/Autentikasi.php(27): CodeIgniter\Debug\Exceptions->errorHandler()
 2 SYSTEMPATH/CodeIgniter.php(941): App\Controllers\Autentikasi->login()
 3 SYSTEMPATH/CodeIgniter.php(502): CodeIgniter\CodeIgniter->runController()
 4 SYSTEMPATH/CodeIgniter.php(361): CodeIgniter\CodeIgniter->handleRequest()
 5 FCPATH/index.php(80): CodeIgniter\CodeIgniter->run()
CRITICAL - 2025-01-12 06:51:27 --> ErrorException: Undefined array key "g-recaptcha-response"
in APPPATH/Controllers/Autentikasi.php on line 27.
 1 APPPATH/Controllers/Autentikasi.php(27): CodeIgniter\Debug\Exceptions->errorHandler()
 2 SYSTEMPATH/CodeIgniter.php(941): App\Controllers\Autentikasi->login()
 3 SYSTEMPATH/CodeIgniter.php(502): CodeIgniter\CodeIgniter->runController()
 4 SYSTEMPATH/CodeIgniter.php(361): CodeIgniter\CodeIgniter->handleRequest()
 5 FCPATH/index.php(80): CodeIgniter\CodeIgniter->run()
CRITICAL - 2025-01-12 20:45:26 --> ErrorException: Undefined array key "g-recaptcha-response"
in APPPATH/Controllers/Autentikasi.php on line 27.
 1 APPPATH/Controllers/Autentikasi.php(27): CodeIgniter\Debug\Exceptions->errorHandler()
 2 SYSTEMPATH/CodeIgniter.php(941): App\Controllers\Autentikasi->login()
 3 SYSTEMPATH/CodeIgniter.php(502): CodeIgniter\CodeIgniter->runController()
 4 SYSTEMPATH/CodeIgniter.php(361): CodeIgniter\CodeIgniter->handleRequest()
 5 FCPATH/index.php(80): CodeIgniter\CodeIgniter->run()
CRITICAL - 2025-01-12 20:45:32 --> ErrorException: Undefined array key "g-recaptcha-response"
in APPPATH/Controllers/Autentikasi.php on line 27.
 1 APPPATH/Controllers/Autentikasi.php(27): CodeIgniter\Debug\Exceptions->errorHandler()
 2 SYSTEMPATH/CodeIgniter.php(941): App\Controllers\Autentikasi->login()
 3 SYSTEMPATH/CodeIgniter.php(502): CodeIgniter\CodeIgniter->runController()
 4 SYSTEMPATH/CodeIgniter.php(361): CodeIgniter\CodeIgniter->handleRequest()
 5 FCPATH/index.php(80): CodeIgniter\CodeIgniter->run()
INFO - 2025-01-12 20:46:08 --> Session: Class initialized using 'CodeIgniter\Session\Handlers\FileHandler' driver.
INFO - 2025-01-12 20:46:10 --> CSRF token verified.
CRITICAL - 2025-01-12 20:46:30 --> ErrorException: file_get_contents(): php_network_getaddresses: getaddrinfo for www.google.com failed: Temporary failure in name resolution
in APPPATH/Controllers/Autentikasi.php on line 27.
 1 [internal function]: CodeIgniter\Debug\Exceptions->errorHandler()
 2 APPPATH/Controllers/Autentikasi.php(27): file_get_contents()
 3 SYSTEMPATH/CodeIgniter.php(941): App\Controllers\Autentikasi->login()
 4 SYSTEMPATH/CodeIgniter.php(502): CodeIgniter\CodeIgniter->runController()
 5 SYSTEMPATH/CodeIgniter.php(361): CodeIgniter\CodeIgniter->handleRequest()
 6 FCPATH/index.php(80): CodeIgniter\CodeIgniter->run()
INFO - 2025-01-12 20:46:40 --> Session: Class initialized using 'CodeIgniter\Session\Handlers\FileHandler' driver.
INFO - 2025-01-12 20:48:33 --> Session: Class initialized using 'CodeIgniter\Session\Handlers\FileHandler' driver.
INFO - 2025-01-12 20:48:35 --> CSRF token verified.
CRITICAL - 2025-01-12 20:48:35 --> ErrorException: Undefined variable $response
in APPPATH/Controllers/Autentikasi.php on line 45.
 1 APPPATH/Controllers/Autentikasi.php(45): CodeIgniter\Debug\Exceptions->errorHandler()
 2 SYSTEMPATH/CodeIgniter.php(941): App\Controllers\Autentikasi->login()
 3 SYSTEMPATH/CodeIgniter.php(502): CodeIgniter\CodeIgniter->runController()
 4 SYSTEMPATH/CodeIgniter.php(361): CodeIgniter\CodeIgniter->handleRequest()
 5 FCPATH/index.php(80): CodeIgniter\CodeIgniter->run()
INFO - 2025-01-12 20:48:54 --> CSRF token verified.
INFO - 2025-01-12 20:48:54 --> Session: Class initialized using 'CodeIgniter\Session\Handlers\FileHandler' driver.
CRITICAL - 2025-01-12 20:48:54 --> ErrorException: Undefined variable $error_captcha
in APPPATH/Controllers/Autentikasi.php on line 86.
 1 APPPATH/Controllers/Autentikasi.php(86): CodeIgniter\Debug\Exceptions->errorHandler()
 2 SYSTEMPATH/CodeIgniter.php(941): App\Controllers\Autentikasi->login()
 3 SYSTEMPATH/CodeIgniter.php(502): CodeIgniter\CodeIgniter->runController()
 4 SYSTEMPATH/CodeIgniter.php(361): CodeIgniter\CodeIgniter->handleRequest()
 5 FCPATH/index.php(80): CodeIgniter\CodeIgniter->run()
INFO - 2025-01-12 20:49:07 --> CSRF token verified.
INFO - 2025-01-12 20:49:07 --> Session: Class initialized using 'CodeIgniter\Session\Handlers\FileHandler' driver.
INFO - 2025-01-12 20:49:08 --> Session: Class initialized using 'CodeIgniter\Session\Handlers\FileHandler' driver.
INFO - 2025-01-12 20:49:24 --> CSRF token verified.
ERROR - 2025-01-12 20:49:24 --> Error connecting to the database: mysqli_sql_exception: No such file or directory in /www/Destask/vendor/codeigniter4/framework/system/Database/MySQLi/Connection.php:185
Stack trace:
#0 /www/Destask/vendor/codeigniter4/framework/system/Database/MySQLi/Connection.php(185): mysqli->real_connect()
#1 /www/Destask/vendor/codeigniter4/framework/system/Database/BaseConnection.php(392): CodeIgniter\Database\MySQLi\Connection->connect()
#2 /www/Destask/vendor/codeigniter4/framework/system/Database/BaseConnection.php(575): CodeIgniter\Database\BaseConnection->initialize()
#3 /www/Destask/vendor/codeigniter4/framework/system/Database/BaseBuilder.php(1613): CodeIgniter\Database\BaseConnection->query()
#4 /www/Destask/vendor/codeigniter4/framework/system/Model.php(270): CodeIgniter\Database\BaseBuilder->get()
#5 /www/Destask/vendor/codeigniter4/framework/system/BaseModel.php(676): CodeIgniter\Model->doFirst()
#6 /www/Destask/app/Controllers/Autentikasi.php(50): CodeIgniter\BaseModel->first()
#7 /www/Destask/vendor/codeigniter4/framework/system/CodeIgniter.php(941): App\Controllers\Autentikasi->login()
#8 /www/Destask/vendor/codeigniter4/framework/system/CodeIgniter.php(502): CodeIgniter\CodeIgniter->runController()
#9 /www/Destask/vendor/codeigniter4/framework/system/CodeIgniter.php(361): CodeIgniter\CodeIgniter->handleRequest()
#10 /www/Destask/public/index.php(80): CodeIgniter\CodeIgniter->run()
#11 {main}

Next CodeIgniter\Database\Exceptions\DatabaseException: No such file or directory in /www/Destask/vendor/codeigniter4/framework/system/Database/MySQLi/Connection.php:229
Stack trace:
#0 /www/Destask/vendor/codeigniter4/framework/system/Database/BaseConnection.php(392): CodeIgniter\Database\MySQLi\Connection->connect()
#1 /www/Destask/vendor/codeigniter4/framework/system/Database/BaseConnection.php(575): CodeIgniter\Database\BaseConnection->initialize()
#2 /www/Destask/vendor/codeigniter4/framework/system/Database/BaseBuilder.php(1613): CodeIgniter\Database\BaseConnection->query()
#3 /www/Destask/vendor/codeigniter4/framework/system/Model.php(270): CodeIgniter\Database\BaseBuilder->get()
#4 /www/Destask/vendor/codeigniter4/framework/system/BaseModel.php(676): CodeIgniter\Model->doFirst()
#5 /www/Destask/app/Controllers/Autentikasi.php(50): CodeIgniter\BaseModel->first()
#6 /www/Destask/vendor/codeigniter4/framework/system/CodeIgniter.php(941): App\Controllers\Autentikasi->login()
#7 /www/Destask/vendor/codeigniter4/framework/system/CodeIgniter.php(502): CodeIgniter\CodeIgniter->runController()
#8 /www/Destask/vendor/codeigniter4/framework/system/CodeIgniter.php(361): CodeIgniter\CodeIgniter->handleRequest()
#9 /www/Destask/public/index.php(80): CodeIgniter\CodeIgniter->run()
#10 {main}
CRITICAL - 2025-01-12 20:49:24 --> CodeIgniter\Database\Exceptions\DatabaseException: Unable to connect to the database.
Main connection [MySQLi]: No such file or directory
in SYSTEMPATH/Database/BaseConnection.php on line 428.
 1 SYSTEMPATH/Database/BaseConnection.php(575): CodeIgniter\Database\BaseConnection->initialize()
 2 SYSTEMPATH/Database/BaseBuilder.php(1613): CodeIgniter\Database\BaseConnection->query()
 3 SYSTEMPATH/Model.php(270): CodeIgniter\Database\BaseBuilder->get()
 4 SYSTEMPATH/BaseModel.php(676): CodeIgniter\Model->doFirst()
 5 APPPATH/Controllers/Autentikasi.php(50): CodeIgniter\BaseModel->first()
 6 SYSTEMPATH/CodeIgniter.php(941): App\Controllers\Autentikasi->login()
 7 SYSTEMPATH/CodeIgniter.php(502): CodeIgniter\CodeIgniter->runController()
 8 SYSTEMPATH/CodeIgniter.php(361): CodeIgniter\CodeIgniter->handleRequest()
 9 FCPATH/index.php(80): CodeIgniter\CodeIgniter->run()
INFO - 2025-01-12 20:49:33 --> Session: Class initialized using 'CodeIgniter\Session\Handlers\FileHandler' driver.
INFO - 2025-01-12 20:50:33 --> CSRF token verified.
INFO - 2025-01-12 20:50:33 --> Session: Class initialized using 'CodeIgniter\Session\Handlers\FileHandler' driver.
INFO - 2025-01-12 20:50:33 --> Session: Class initialized using 'CodeIgniter\Session\Handlers\FileHandler' driver.
INFO - 2025-01-12 20:50:38 --> CSRF token verified.
ERROR - 2025-01-12 20:50:38 --> Error connecting to the database: mysqli_sql_exception: No such file or directory in /www/Destask/vendor/codeigniter4/framework/system/Database/MySQLi/Connection.php:185
Stack trace:
#0 /www/Destask/vendor/codeigniter4/framework/system/Database/MySQLi/Connection.php(185): mysqli->real_connect()
#1 /www/Destask/vendor/codeigniter4/framework/system/Database/BaseConnection.php(392): CodeIgniter\Database\MySQLi\Connection->connect()
#2 /www/Destask/vendor/codeigniter4/framework/system/Database/BaseConnection.php(575): CodeIgniter\Database\BaseConnection->initialize()
#3 /www/Destask/vendor/codeigniter4/framework/system/Database/BaseBuilder.php(1613): CodeIgniter\Database\BaseConnection->query()
#4 /www/Destask/vendor/codeigniter4/framework/system/Model.php(270): CodeIgniter\Database\BaseBuilder->get()
#5 /www/Destask/vendor/codeigniter4/framework/system/BaseModel.php(676): CodeIgniter\Model->doFirst()
#6 /www/Destask/app/Controllers/Autentikasi.php(50): CodeIgniter\BaseModel->first()
#7 /www/Destask/vendor/codeigniter4/framework/system/CodeIgniter.php(941): App\Controllers\Autentikasi->login()
#8 /www/Destask/vendor/codeigniter4/framework/system/CodeIgniter.php(502): CodeIgniter\CodeIgniter->runController()
#9 /www/Destask/vendor/codeigniter4/framework/system/CodeIgniter.php(361): CodeIgniter\CodeIgniter->handleRequest()
#10 /www/Destask/public/index.php(80): CodeIgniter\CodeIgniter->run()
#11 {main}

Next CodeIgniter\Database\Exceptions\DatabaseException: No such file or directory in /www/Destask/vendor/codeigniter4/framework/system/Database/MySQLi/Connection.php:229
Stack trace:
#0 /www/Destask/vendor/codeigniter4/framework/system/Database/BaseConnection.php(392): CodeIgniter\Database\MySQLi\Connection->connect()
#1 /www/Destask/vendor/codeigniter4/framework/system/Database/BaseConnection.php(575): CodeIgniter\Database\BaseConnection->initialize()
#2 /www/Destask/vendor/codeigniter4/framework/system/Database/BaseBuilder.php(1613): CodeIgniter\Database\BaseConnection->query()
#3 /www/Destask/vendor/codeigniter4/framework/system/Model.php(270): CodeIgniter\Database\BaseBuilder->get()
#4 /www/Destask/vendor/codeigniter4/framework/system/BaseModel.php(676): CodeIgniter\Model->doFirst()
#5 /www/Destask/app/Controllers/Autentikasi.php(50): CodeIgniter\BaseModel->first()
#6 /www/Destask/vendor/codeigniter4/framework/system/CodeIgniter.php(941): App\Controllers\Autentikasi->login()
#7 /www/Destask/vendor/codeigniter4/framework/system/CodeIgniter.php(502): CodeIgniter\CodeIgniter->runController()
#8 /www/Destask/vendor/codeigniter4/framework/system/CodeIgniter.php(361): CodeIgniter\CodeIgniter->handleRequest()
#9 /www/Destask/public/index.php(80): CodeIgniter\CodeIgniter->run()
#10 {main}
CRITICAL - 2025-01-12 20:50:38 --> CodeIgniter\Database\Exceptions\DatabaseException: Unable to connect to the database.
Main connection [MySQLi]: No such file or directory
in SYSTEMPATH/Database/BaseConnection.php on line 428.
 1 SYSTEMPATH/Database/BaseConnection.php(575): CodeIgniter\Database\BaseConnection->initialize()
 2 SYSTEMPATH/Database/BaseBuilder.php(1613): CodeIgniter\Database\BaseConnection->query()
 3 SYSTEMPATH/Model.php(270): CodeIgniter\Database\BaseBuilder->get()
 4 SYSTEMPATH/BaseModel.php(676): CodeIgniter\Model->doFirst()
 5 APPPATH/Controllers/Autentikasi.php(50): CodeIgniter\BaseModel->first()
 6 SYSTEMPATH/CodeIgniter.php(941): App\Controllers\Autentikasi->login()
 7 SYSTEMPATH/CodeIgniter.php(502): CodeIgniter\CodeIgniter->runController()
 8 SYSTEMPATH/CodeIgniter.php(361): CodeIgniter\CodeIgniter->handleRequest()
 9 FCPATH/index.php(80): CodeIgniter\CodeIgniter->run()
INFO - 2025-01-12 20:50:48 --> Session: Class initialized using 'CodeIgniter\Session\Handlers\FileHandler' driver.
INFO - 2025-01-12 20:51:24 --> Session: Class initialized using 'CodeIgniter\Session\Handlers\FileHandler' driver.
INFO - 2025-01-12 20:51:28 --> CSRF token verified.
ERROR - 2025-01-12 20:51:28 --> Error connecting to the database: mysqli_sql_exception: No such file or directory in /www/Destask/vendor/codeigniter4/framework/system/Database/MySQLi/Connection.php:185
Stack trace:
#0 /www/Destask/vendor/codeigniter4/framework/system/Database/MySQLi/Connection.php(185): mysqli->real_connect()
#1 /www/Destask/vendor/codeigniter4/framework/system/Database/BaseConnection.php(392): CodeIgniter\Database\MySQLi\Connection->connect()
#2 /www/Destask/vendor/codeigniter4/framework/system/Database/BaseConnection.php(575): CodeIgniter\Database\BaseConnection->initialize()
#3 /www/Destask/vendor/codeigniter4/framework/system/Database/BaseBuilder.php(1613): CodeIgniter\Database\BaseConnection->query()
#4 /www/Destask/vendor/codeigniter4/framework/system/Model.php(270): CodeIgniter\Database\BaseBuilder->get()
#5 /www/Destask/vendor/codeigniter4/framework/system/BaseModel.php(676): CodeIgniter\Model->doFirst()
#6 /www/Destask/app/Controllers/Autentikasi.php(50): CodeIgniter\BaseModel->first()
#7 /www/Destask/vendor/codeigniter4/framework/system/CodeIgniter.php(941): App\Controllers\Autentikasi->login()
#8 /www/Destask/vendor/codeigniter4/framework/system/CodeIgniter.php(502): CodeIgniter\CodeIgniter->runController()
#9 /www/Destask/vendor/codeigniter4/framework/system/CodeIgniter.php(361): CodeIgniter\CodeIgniter->handleRequest()
#10 /www/Destask/public/index.php(80): CodeIgniter\CodeIgniter->run()
#11 {main}

Next CodeIgniter\Database\Exceptions\DatabaseException: No such file or directory in /www/Destask/vendor/codeigniter4/framework/system/Database/MySQLi/Connection.php:229
Stack trace:
#0 /www/Destask/vendor/codeigniter4/framework/system/Database/BaseConnection.php(392): CodeIgniter\Database\MySQLi\Connection->connect()
#1 /www/Destask/vendor/codeigniter4/framework/system/Database/BaseConnection.php(575): CodeIgniter\Database\BaseConnection->initialize()
#2 /www/Destask/vendor/codeigniter4/framework/system/Database/BaseBuilder.php(1613): CodeIgniter\Database\BaseConnection->query()
#3 /www/Destask/vendor/codeigniter4/framework/system/Model.php(270): CodeIgniter\Database\BaseBuilder->get()
#4 /www/Destask/vendor/codeigniter4/framework/system/BaseModel.php(676): CodeIgniter\Model->doFirst()
#5 /www/Destask/app/Controllers/Autentikasi.php(50): CodeIgniter\BaseModel->first()
#6 /www/Destask/vendor/codeigniter4/framework/system/CodeIgniter.php(941): App\Controllers\Autentikasi->login()
#7 /www/Destask/vendor/codeigniter4/framework/system/CodeIgniter.php(502): CodeIgniter\CodeIgniter->runController()
#8 /www/Destask/vendor/codeigniter4/framework/system/CodeIgniter.php(361): CodeIgniter\CodeIgniter->handleRequest()
#9 /www/Destask/public/index.php(80): CodeIgniter\CodeIgniter->run()
#10 {main}
CRITICAL - 2025-01-12 20:51:28 --> CodeIgniter\Database\Exceptions\DatabaseException: Unable to connect to the database.
Main connection [MySQLi]: No such file or directory
in SYSTEMPATH/Database/BaseConnection.php on line 428.
 1 SYSTEMPATH/Database/BaseConnection.php(575): CodeIgniter\Database\BaseConnection->initialize()
 2 SYSTEMPATH/Database/BaseBuilder.php(1613): CodeIgniter\Database\BaseConnection->query()
 3 SYSTEMPATH/Model.php(270): CodeIgniter\Database\BaseBuilder->get()
 4 SYSTEMPATH/BaseModel.php(676): CodeIgniter\Model->doFirst()
 5 APPPATH/Controllers/Autentikasi.php(50): CodeIgniter\BaseModel->first()
 6 SYSTEMPATH/CodeIgniter.php(941): App\Controllers\Autentikasi->login()
 7 SYSTEMPATH/CodeIgniter.php(502): CodeIgniter\CodeIgniter->runController()
 8 SYSTEMPATH/CodeIgniter.php(361): CodeIgniter\CodeIgniter->handleRequest()
 9 FCPATH/index.php(80): CodeIgniter\CodeIgniter->run()
INFO - 2025-01-12 20:53:10 --> Session: Class initialized using 'CodeIgniter\Session\Handlers\FileHandler' driver.
INFO - 2025-01-12 20:53:14 --> CSRF token verified.
ERROR - 2025-01-12 20:53:14 --> Error connecting to the database: mysqli_sql_exception: No such file or directory in /www/Destask/vendor/codeigniter4/framework/system/Database/MySQLi/Connection.php:185
Stack trace:
#0 /www/Destask/vendor/codeigniter4/framework/system/Database/MySQLi/Connection.php(185): mysqli->real_connect()
#1 /www/Destask/vendor/codeigniter4/framework/system/Database/BaseConnection.php(392): CodeIgniter\Database\MySQLi\Connection->connect()
#2 /www/Destask/vendor/codeigniter4/framework/system/Database/BaseConnection.php(575): CodeIgniter\Database\BaseConnection->initialize()
#3 /www/Destask/vendor/codeigniter4/framework/system/Database/BaseBuilder.php(1613): CodeIgniter\Database\BaseConnection->query()
#4 /www/Destask/vendor/codeigniter4/framework/system/Model.php(270): CodeIgniter\Database\BaseBuilder->get()
#5 /www/Destask/vendor/codeigniter4/framework/system/BaseModel.php(676): CodeIgniter\Model->doFirst()
#6 /www/Destask/app/Controllers/Autentikasi.php(50): CodeIgniter\BaseModel->first()
#7 /www/Destask/vendor/codeigniter4/framework/system/CodeIgniter.php(941): App\Controllers\Autentikasi->login()
#8 /www/Destask/vendor/codeigniter4/framework/system/CodeIgniter.php(502): CodeIgniter\CodeIgniter->runController()
#9 /www/Destask/vendor/codeigniter4/framework/system/CodeIgniter.php(361): CodeIgniter\CodeIgniter->handleRequest()
#10 /www/Destask/public/index.php(80): CodeIgniter\CodeIgniter->run()
#11 {main}

Next CodeIgniter\Database\Exceptions\DatabaseException: No such file or directory in /www/Destask/vendor/codeigniter4/framework/system/Database/MySQLi/Connection.php:229
Stack trace:
#0 /www/Destask/vendor/codeigniter4/framework/system/Database/BaseConnection.php(392): CodeIgniter\Database\MySQLi\Connection->connect()
#1 /www/Destask/vendor/codeigniter4/framework/system/Database/BaseConnection.php(575): CodeIgniter\Database\BaseConnection->initialize()
#2 /www/Destask/vendor/codeigniter4/framework/system/Database/BaseBuilder.php(1613): CodeIgniter\Database\BaseConnection->query()
#3 /www/Destask/vendor/codeigniter4/framework/system/Model.php(270): CodeIgniter\Database\BaseBuilder->get()
#4 /www/Destask/vendor/codeigniter4/framework/system/BaseModel.php(676): CodeIgniter\Model->doFirst()
#5 /www/Destask/app/Controllers/Autentikasi.php(50): CodeIgniter\BaseModel->first()
#6 /www/Destask/vendor/codeigniter4/framework/system/CodeIgniter.php(941): App\Controllers\Autentikasi->login()
#7 /www/Destask/vendor/codeigniter4/framework/system/CodeIgniter.php(502): CodeIgniter\CodeIgniter->runController()
#8 /www/Destask/vendor/codeigniter4/framework/system/CodeIgniter.php(361): CodeIgniter\CodeIgniter->handleRequest()
#9 /www/Destask/public/index.php(80): CodeIgniter\CodeIgniter->run()
#10 {main}
CRITICAL - 2025-01-12 20:53:14 --> CodeIgniter\Database\Exceptions\DatabaseException: Unable to connect to the database.
Main connection [MySQLi]: No such file or directory
in SYSTEMPATH/Database/BaseConnection.php on line 428.
 1 SYSTEMPATH/Database/BaseConnection.php(575): CodeIgniter\Database\BaseConnection->initialize()
 2 SYSTEMPATH/Database/BaseBuilder.php(1613): CodeIgniter\Database\BaseConnection->query()
 3 SYSTEMPATH/Model.php(270): CodeIgniter\Database\BaseBuilder->get()
 4 SYSTEMPATH/BaseModel.php(676): CodeIgniter\Model->doFirst()
 5 APPPATH/Controllers/Autentikasi.php(50): CodeIgniter\BaseModel->first()
 6 SYSTEMPATH/CodeIgniter.php(941): App\Controllers\Autentikasi->login()
 7 SYSTEMPATH/CodeIgniter.php(502): CodeIgniter\CodeIgniter->runController()
 8 SYSTEMPATH/CodeIgniter.php(361): CodeIgniter\CodeIgniter->handleRequest()
 9 FCPATH/index.php(80): CodeIgniter\CodeIgniter->run()
INFO - 2025-01-12 20:53:57 --> Session: Class initialized using 'CodeIgniter\Session\Handlers\FileHandler' driver.
INFO - 2025-01-12 20:54:28 --> Session: Class initialized using 'CodeIgniter\Session\Handlers\FileHandler' driver.
INFO - 2025-01-12 20:54:34 --> CSRF token verified.
ERROR - 2025-01-12 20:54:34 --> Error connecting to the database: mysqli_sql_exception: No such file or directory in /www/Destask/vendor/codeigniter4/framework/system/Database/MySQLi/Connection.php:185
Stack trace:
#0 /www/Destask/vendor/codeigniter4/framework/system/Database/MySQLi/Connection.php(185): mysqli->real_connect()
#1 /www/Destask/vendor/codeigniter4/framework/system/Database/BaseConnection.php(392): CodeIgniter\Database\MySQLi\Connection->connect()
#2 /www/Destask/vendor/codeigniter4/framework/system/Database/BaseConnection.php(575): CodeIgniter\Database\BaseConnection->initialize()
#3 /www/Destask/vendor/codeigniter4/framework/system/Database/BaseBuilder.php(1613): CodeIgniter\Database\BaseConnection->query()
#4 /www/Destask/vendor/codeigniter4/framework/system/Model.php(270): CodeIgniter\Database\BaseBuilder->get()
#5 /www/Destask/vendor/codeigniter4/framework/system/BaseModel.php(676): CodeIgniter\Model->doFirst()
#6 /www/Destask/app/Controllers/Autentikasi.php(50): CodeIgniter\BaseModel->first()
#7 /www/Destask/vendor/codeigniter4/framework/system/CodeIgniter.php(941): App\Controllers\Autentikasi->login()
#8 /www/Destask/vendor/codeigniter4/framework/system/CodeIgniter.php(502): CodeIgniter\CodeIgniter->runController()
#9 /www/Destask/vendor/codeigniter4/framework/system/CodeIgniter.php(361): CodeIgniter\CodeIgniter->handleRequest()
#10 /www/Destask/public/index.php(80): CodeIgniter\CodeIgniter->run()
#11 {main}

Next CodeIgniter\Database\Exceptions\DatabaseException: No such file or directory in /www/Destask/vendor/codeigniter4/framework/system/Database/MySQLi/Connection.php:229
Stack trace:
#0 /www/Destask/vendor/codeigniter4/framework/system/Database/BaseConnection.php(392): CodeIgniter\Database\MySQLi\Connection->connect()
#1 /www/Destask/vendor/codeigniter4/framework/system/Database/BaseConnection.php(575): CodeIgniter\Database\BaseConnection->initialize()
#2 /www/Destask/vendor/codeigniter4/framework/system/Database/BaseBuilder.php(1613): CodeIgniter\Database\BaseConnection->query()
#3 /www/Destask/vendor/codeigniter4/framework/system/Model.php(270): CodeIgniter\Database\BaseBuilder->get()
#4 /www/Destask/vendor/codeigniter4/framework/system/BaseModel.php(676): CodeIgniter\Model->doFirst()
#5 /www/Destask/app/Controllers/Autentikasi.php(50): CodeIgniter\BaseModel->first()
#6 /www/Destask/vendor/codeigniter4/framework/system/CodeIgniter.php(941): App\Controllers\Autentikasi->login()
#7 /www/Destask/vendor/codeigniter4/framework/system/CodeIgniter.php(502): CodeIgniter\CodeIgniter->runController()
#8 /www/Destask/vendor/codeigniter4/framework/system/CodeIgniter.php(361): CodeIgniter\CodeIgniter->handleRequest()
#9 /www/Destask/public/index.php(80): CodeIgniter\CodeIgniter->run()
#10 {main}
CRITICAL - 2025-01-12 20:54:34 --> CodeIgniter\Database\Exceptions\DatabaseException: Unable to connect to the database.
Main connection [MySQLi]: No such file or directory
in SYSTEMPATH/Database/BaseConnection.php on line 428.
 1 SYSTEMPATH/Database/BaseConnection.php(575): CodeIgniter\Database\BaseConnection->initialize()
 2 SYSTEMPATH/Database/BaseBuilder.php(1613): CodeIgniter\Database\BaseConnection->query()
 3 SYSTEMPATH/Model.php(270): CodeIgniter\Database\BaseBuilder->get()
 4 SYSTEMPATH/BaseModel.php(676): CodeIgniter\Model->doFirst()
 5 APPPATH/Controllers/Autentikasi.php(50): CodeIgniter\BaseModel->first()
 6 SYSTEMPATH/CodeIgniter.php(941): App\Controllers\Autentikasi->login()
 7 SYSTEMPATH/CodeIgniter.php(502): CodeIgniter\CodeIgniter->runController()
 8 SYSTEMPATH/CodeIgniter.php(361): CodeIgniter\CodeIgniter->handleRequest()
 9 FCPATH/index.php(80): CodeIgniter\CodeIgniter->run()
