INFO - 2024-02-19 06:06:15 --> Session: Class initialized using 'CodeIgniter\Session\Handlers\FileHandler' driver.
INFO - 2024-02-19 06:06:15 --> Session: Class initialized using 'CodeIgniter\Session\Handlers\FileHandler' driver.
INFO - 2024-02-19 06:06:27 --> CSRF token verified.
INFO - 2024-02-19 06:06:27 --> Session: Class initialized using 'CodeIgniter\Session\Handlers\FileHandler' driver.
INFO - 2024-02-19 06:06:27 --> Session: Class initialized using 'CodeIgniter\Session\Handlers\FileHandler' driver.
INFO - 2024-02-19 06:06:36 --> Session: Class initialized using 'CodeIgniter\Session\Handlers\FileHandler' driver.
INFO - 2024-02-19 06:06:36 --> Session: Class initialized using 'CodeIgniter\Session\Handlers\FileHandler' driver.
INFO - 2024-02-19 06:06:47 --> CSRF token verified.
INFO - 2024-02-19 06:06:47 --> Session: Class initialized using 'CodeIgniter\Session\Handlers\FileHandler' driver.
INFO - 2024-02-19 06:06:47 --> Session: Class initialized using 'CodeIgniter\Session\Handlers\FileHandler' driver.
INFO - 2024-02-19 06:06:51 --> Session: Class initialized using 'CodeIgniter\Session\Handlers\FileHandler' driver.
INFO - 2024-02-19 06:07:05 --> CSRF token verified.
INFO - 2024-02-19 06:07:05 --> Session: Class initialized using 'CodeIgniter\Session\Handlers\FileHandler' driver.
INFO - 2024-02-19 06:07:06 --> Session: Class initialized using 'CodeIgniter\Session\Handlers\FileHandler' driver.
INFO - 2024-02-19 06:16:17 --> Session: Class initialized using 'CodeIgniter\Session\Handlers\FileHandler' driver.
INFO - 2024-02-19 06:16:34 --> Session: Class initialized using 'CodeIgniter\Session\Handlers\FileHandler' driver.
INFO - 2024-02-19 06:20:04 --> Session: Class initialized using 'CodeIgniter\Session\Handlers\FileHandler' driver.
INFO - 2024-02-19 06:20:41 --> CSRF token verified.
INFO - 2024-02-19 06:20:41 --> Session: Class initialized using 'CodeIgniter\Session\Handlers\FileHandler' driver.
INFO - 2024-02-19 06:20:41 --> Session: Class initialized using 'CodeIgniter\Session\Handlers\FileHandler' driver.
INFO - 2024-02-19 06:20:46 --> CSRF token verified.
INFO - 2024-02-19 06:20:46 --> Session: Class initialized using 'CodeIgniter\Session\Handlers\FileHandler' driver.
INFO - 2024-02-19 06:20:46 --> Session: Class initialized using 'CodeIgniter\Session\Handlers\FileHandler' driver.
INFO - 2024-02-19 06:33:00 --> Session: Class initialized using 'CodeIgniter\Session\Handlers\FileHandler' driver.
CRITICAL - 2024-02-19 06:33:00 --> Undefined variable $tahun_target_poin
in APPPATH\Views\target_poin_harian\modal_add_target_poinharian.php on line 53.
 1 APPPATH\Views\target_poin_harian\modal_add_target_poinharian.php(53): CodeIgniter\Debug\Exceptions->errorHandler(2, 'Undefined variable $tahun_target_poin', 'C:\\Users\\agung\\Documents\\MATERI SEMESTER 7\\TugasAkhir\\KodeProgramDestask\\Destask\\app\\Views\\target_poin_harian\\modal_add_target_poinharian.php', 53)
 2 SYSTEMPATH\View\View.php(228): include('C:\\Users\\agung\\Documents\\MATERI SEMESTER 7\\TugasAkhir\\KodeProgramDestask\\Destask\\app\\Views\\target_poin_harian\\modal_add_target_poinharian.php')
 3 SYSTEMPATH\View\View.php(231): CodeIgniter\View\View->CodeIgniter\View\{closure}()
 4 SYSTEMPATH\View\View.php(469): CodeIgniter\View\View->render('target_poin_harian/modal_add_target_poinharian', null, true)
 5 APPPATH\Views\target_poin_harian\daftar_target_poin_harian.php(190): CodeIgniter\View\View->include('target_poin_harian/modal_add_target_poinharian')
 6 SYSTEMPATH\View\View.php(228): include('C:\\Users\\agung\\Documents\\MATERI SEMESTER 7\\TugasAkhir\\KodeProgramDestask\\Destask\\app\\Views\\target_poin_harian\\daftar_target_poin_harian.php')
 7 SYSTEMPATH\View\View.php(231): CodeIgniter\View\View->CodeIgniter\View\{closure}()
 8 SYSTEMPATH\Common.php(1190): CodeIgniter\View\View->render('target_poin_harian/daftar_target_poin_harian', [], true)
 9 APPPATH\Controllers\TargetPoinHarian.php(29): view('target_poin_harian/daftar_target_poin_harian', [...])
10 SYSTEMPATH\CodeIgniter.php(942): App\Controllers\TargetPoinHarian->daftar_target_poin_harian()
11 SYSTEMPATH\CodeIgniter.php(502): CodeIgniter\CodeIgniter->runController(Object(App\Controllers\TargetPoinHarian))
12 SYSTEMPATH\CodeIgniter.php(361): CodeIgniter\CodeIgniter->handleRequest(null, Object(Config\Cache), false)
13 FCPATH\index.php(80): CodeIgniter\CodeIgniter->run()
14 SYSTEMPATH\Commands\Server\rewrite.php(47): require_once('C:\\Users\\agung\\Documents\\MATERI SEMESTER 7\\TugasAkhir\\KodeProgramDestask\\Destask\\public\\index.php')
INFO - 2024-02-19 06:34:29 --> Session: Class initialized using 'CodeIgniter\Session\Handlers\FileHandler' driver.
INFO - 2024-02-19 06:59:23 --> Session: Class initialized using 'CodeIgniter\Session\Handlers\FileHandler' driver.
CRITICAL - 2024-02-19 06:59:23 --> Undefined array key "tahun_target_poin"
in APPPATH\Views\target_poin_harian\modal_add_target_poinharian.php on line 51.
 1 APPPATH\Views\target_poin_harian\modal_add_target_poinharian.php(51): CodeIgniter\Debug\Exceptions->errorHandler(2, 'Undefined array key "tahun_target_poin"', 'C:\\Users\\agung\\Documents\\MATERI SEMESTER 7\\TugasAkhir\\KodeProgramDestask\\Destask\\app\\Views\\target_poin_harian\\modal_add_target_poinharian.php', 51)
 2 SYSTEMPATH\View\View.php(228): include('C:\\Users\\agung\\Documents\\MATERI SEMESTER 7\\TugasAkhir\\KodeProgramDestask\\Destask\\app\\Views\\target_poin_harian\\modal_add_target_poinharian.php')
 3 SYSTEMPATH\View\View.php(231): CodeIgniter\View\View->CodeIgniter\View\{closure}()
 4 SYSTEMPATH\View\View.php(469): CodeIgniter\View\View->render('target_poin_harian/modal_add_target_poinharian', null, true)
 5 APPPATH\Views\target_poin_harian\daftar_target_poin_harian.php(190): CodeIgniter\View\View->include('target_poin_harian/modal_add_target_poinharian')
 6 SYSTEMPATH\View\View.php(228): include('C:\\Users\\agung\\Documents\\MATERI SEMESTER 7\\TugasAkhir\\KodeProgramDestask\\Destask\\app\\Views\\target_poin_harian\\daftar_target_poin_harian.php')
 7 SYSTEMPATH\View\View.php(231): CodeIgniter\View\View->CodeIgniter\View\{closure}()
 8 SYSTEMPATH\Common.php(1190): CodeIgniter\View\View->render('target_poin_harian/daftar_target_poin_harian', [], true)
 9 APPPATH\Controllers\TargetPoinHarian.php(29): view('target_poin_harian/daftar_target_poin_harian', [...])
10 SYSTEMPATH\CodeIgniter.php(942): App\Controllers\TargetPoinHarian->daftar_target_poin_harian()
11 SYSTEMPATH\CodeIgniter.php(502): CodeIgniter\CodeIgniter->runController(Object(App\Controllers\TargetPoinHarian))
12 SYSTEMPATH\CodeIgniter.php(361): CodeIgniter\CodeIgniter->handleRequest(null, Object(Config\Cache), false)
13 FCPATH\index.php(80): CodeIgniter\CodeIgniter->run()
14 SYSTEMPATH\Commands\Server\rewrite.php(47): require_once('C:\\Users\\agung\\Documents\\MATERI SEMESTER 7\\TugasAkhir\\KodeProgramDestask\\Destask\\public\\index.php')
INFO - 2024-02-19 07:12:22 --> Session: Class initialized using 'CodeIgniter\Session\Handlers\FileHandler' driver.
CRITICAL - 2024-02-19 07:12:22 --> Undefined variable $selectedYear
in APPPATH\Views\target_poin_harian\modal_add_target_poinharian.php on line 54.
 1 APPPATH\Views\target_poin_harian\modal_add_target_poinharian.php(54): CodeIgniter\Debug\Exceptions->errorHandler(2, 'Undefined variable $selectedYear', 'C:\\Users\\agung\\Documents\\MATERI SEMESTER 7\\TugasAkhir\\KodeProgramDestask\\Destask\\app\\Views\\target_poin_harian\\modal_add_target_poinharian.php', 54)
 2 SYSTEMPATH\View\View.php(228): include('C:\\Users\\agung\\Documents\\MATERI SEMESTER 7\\TugasAkhir\\KodeProgramDestask\\Destask\\app\\Views\\target_poin_harian\\modal_add_target_poinharian.php')
 3 SYSTEMPATH\View\View.php(231): CodeIgniter\View\View->CodeIgniter\View\{closure}()
 4 SYSTEMPATH\View\View.php(469): CodeIgniter\View\View->render('target_poin_harian/modal_add_target_poinharian', null, true)
 5 APPPATH\Views\target_poin_harian\daftar_target_poin_harian.php(190): CodeIgniter\View\View->include('target_poin_harian/modal_add_target_poinharian')
 6 SYSTEMPATH\View\View.php(228): include('C:\\Users\\agung\\Documents\\MATERI SEMESTER 7\\TugasAkhir\\KodeProgramDestask\\Destask\\app\\Views\\target_poin_harian\\daftar_target_poin_harian.php')
 7 SYSTEMPATH\View\View.php(231): CodeIgniter\View\View->CodeIgniter\View\{closure}()
 8 SYSTEMPATH\Common.php(1190): CodeIgniter\View\View->render('target_poin_harian/daftar_target_poin_harian', [], true)
 9 APPPATH\Controllers\TargetPoinHarian.php(29): view('target_poin_harian/daftar_target_poin_harian', [...])
10 SYSTEMPATH\CodeIgniter.php(942): App\Controllers\TargetPoinHarian->daftar_target_poin_harian()
11 SYSTEMPATH\CodeIgniter.php(502): CodeIgniter\CodeIgniter->runController(Object(App\Controllers\TargetPoinHarian))
12 SYSTEMPATH\CodeIgniter.php(361): CodeIgniter\CodeIgniter->handleRequest(null, Object(Config\Cache), false)
13 FCPATH\index.php(80): CodeIgniter\CodeIgniter->run()
14 SYSTEMPATH\Commands\Server\rewrite.php(47): require_once('C:\\Users\\agung\\Documents\\MATERI SEMESTER 7\\TugasAkhir\\KodeProgramDestask\\Destask\\public\\index.php')
CRITICAL - 2024-02-19 07:21:25 --> syntax error, unexpected token "<"
in APPPATH\Views\target_poin_harian\modal_add_target_poinharian.php on line 59.
 1 SYSTEMPATH\View\View.php(231): CodeIgniter\View\View->CodeIgniter\View\{closure}()
 2 SYSTEMPATH\View\View.php(469): CodeIgniter\View\View->render('target_poin_harian/modal_add_target_poinharian', null, true)
 3 APPPATH\Views\target_poin_harian\daftar_target_poin_harian.php(190): CodeIgniter\View\View->include('target_poin_harian/modal_add_target_poinharian')
 4 SYSTEMPATH\View\View.php(228): include('C:\\Users\\agung\\Documents\\MATERI SEMESTER 7\\TugasAkhir\\KodeProgramDestask\\Destask\\app\\Views\\target_poin_harian\\daftar_target_poin_harian.php')
 5 SYSTEMPATH\View\View.php(231): CodeIgniter\View\View->CodeIgniter\View\{closure}()
 6 SYSTEMPATH\Common.php(1190): CodeIgniter\View\View->render('target_poin_harian/daftar_target_poin_harian', [], true)
 7 APPPATH\Controllers\TargetPoinHarian.php(29): view('target_poin_harian/daftar_target_poin_harian', [...])
 8 SYSTEMPATH\CodeIgniter.php(942): App\Controllers\TargetPoinHarian->daftar_target_poin_harian()
 9 SYSTEMPATH\CodeIgniter.php(502): CodeIgniter\CodeIgniter->runController(Object(App\Controllers\TargetPoinHarian))
10 SYSTEMPATH\CodeIgniter.php(361): CodeIgniter\CodeIgniter->handleRequest(null, Object(Config\Cache), false)
11 FCPATH\index.php(80): CodeIgniter\CodeIgniter->run()
12 SYSTEMPATH\Commands\Server\rewrite.php(47): require_once('C:\\Users\\agung\\Documents\\MATERI SEMESTER 7\\TugasAkhir\\KodeProgramDestask\\Destask\\public\\index.php')
CRITICAL - 2024-02-19 07:21:47 --> syntax error, unexpected token "<"
in APPPATH\Views\target_poin_harian\modal_add_target_poinharian.php on line 59.
 1 SYSTEMPATH\View\View.php(231): CodeIgniter\View\View->CodeIgniter\View\{closure}()
 2 SYSTEMPATH\View\View.php(469): CodeIgniter\View\View->render('target_poin_harian/modal_add_target_poinharian', null, true)
 3 APPPATH\Views\target_poin_harian\daftar_target_poin_harian.php(190): CodeIgniter\View\View->include('target_poin_harian/modal_add_target_poinharian')
 4 SYSTEMPATH\View\View.php(228): include('C:\\Users\\agung\\Documents\\MATERI SEMESTER 7\\TugasAkhir\\KodeProgramDestask\\Destask\\app\\Views\\target_poin_harian\\daftar_target_poin_harian.php')
 5 SYSTEMPATH\View\View.php(231): CodeIgniter\View\View->CodeIgniter\View\{closure}()
 6 SYSTEMPATH\Common.php(1190): CodeIgniter\View\View->render('target_poin_harian/daftar_target_poin_harian', [], true)
 7 APPPATH\Controllers\TargetPoinHarian.php(29): view('target_poin_harian/daftar_target_poin_harian', [...])
 8 SYSTEMPATH\CodeIgniter.php(942): App\Controllers\TargetPoinHarian->daftar_target_poin_harian()
 9 SYSTEMPATH\CodeIgniter.php(502): CodeIgniter\CodeIgniter->runController(Object(App\Controllers\TargetPoinHarian))
10 SYSTEMPATH\CodeIgniter.php(361): CodeIgniter\CodeIgniter->handleRequest(null, Object(Config\Cache), false)
11 FCPATH\index.php(80): CodeIgniter\CodeIgniter->run()
12 SYSTEMPATH\Commands\Server\rewrite.php(47): require_once('C:\\Users\\agung\\Documents\\MATERI SEMESTER 7\\TugasAkhir\\KodeProgramDestask\\Destask\\public\\index.php')
INFO - 2024-02-19 07:23:25 --> Session: Class initialized using 'CodeIgniter\Session\Handlers\FileHandler' driver.
CRITICAL - 2024-02-19 07:23:25 --> Undefined variable $selectedYear
in APPPATH\Views\target_poin_harian\modal_add_target_poinharian.php on line 54.
 1 APPPATH\Views\target_poin_harian\modal_add_target_poinharian.php(54): CodeIgniter\Debug\Exceptions->errorHandler(2, 'Undefined variable $selectedYear', 'C:\\Users\\agung\\Documents\\MATERI SEMESTER 7\\TugasAkhir\\KodeProgramDestask\\Destask\\app\\Views\\target_poin_harian\\modal_add_target_poinharian.php', 54)
 2 SYSTEMPATH\View\View.php(228): include('C:\\Users\\agung\\Documents\\MATERI SEMESTER 7\\TugasAkhir\\KodeProgramDestask\\Destask\\app\\Views\\target_poin_harian\\modal_add_target_poinharian.php')
 3 SYSTEMPATH\View\View.php(231): CodeIgniter\View\View->CodeIgniter\View\{closure}()
 4 SYSTEMPATH\View\View.php(469): CodeIgniter\View\View->render('target_poin_harian/modal_add_target_poinharian', null, true)
 5 APPPATH\Views\target_poin_harian\daftar_target_poin_harian.php(190): CodeIgniter\View\View->include('target_poin_harian/modal_add_target_poinharian')
 6 SYSTEMPATH\View\View.php(228): include('C:\\Users\\agung\\Documents\\MATERI SEMESTER 7\\TugasAkhir\\KodeProgramDestask\\Destask\\app\\Views\\target_poin_harian\\daftar_target_poin_harian.php')
 7 SYSTEMPATH\View\View.php(231): CodeIgniter\View\View->CodeIgniter\View\{closure}()
 8 SYSTEMPATH\Common.php(1190): CodeIgniter\View\View->render('target_poin_harian/daftar_target_poin_harian', [], true)
 9 APPPATH\Controllers\TargetPoinHarian.php(29): view('target_poin_harian/daftar_target_poin_harian', [...])
10 SYSTEMPATH\CodeIgniter.php(942): App\Controllers\TargetPoinHarian->daftar_target_poin_harian()
11 SYSTEMPATH\CodeIgniter.php(502): CodeIgniter\CodeIgniter->runController(Object(App\Controllers\TargetPoinHarian))
12 SYSTEMPATH\CodeIgniter.php(361): CodeIgniter\CodeIgniter->handleRequest(null, Object(Config\Cache), false)
13 FCPATH\index.php(80): CodeIgniter\CodeIgniter->run()
14 SYSTEMPATH\Commands\Server\rewrite.php(47): require_once('C:\\Users\\agung\\Documents\\MATERI SEMESTER 7\\TugasAkhir\\KodeProgramDestask\\Destask\\public\\index.php')
INFO - 2024-02-19 07:27:44 --> Session: Class initialized using 'CodeIgniter\Session\Handlers\FileHandler' driver.
CRITICAL - 2024-02-19 07:27:44 --> Undefined array key "tahun_target_poin"
in APPPATH\Views\target_poin_harian\modal_add_target_poinharian.php on line 51.
 1 APPPATH\Views\target_poin_harian\modal_add_target_poinharian.php(51): CodeIgniter\Debug\Exceptions->errorHandler(2, 'Undefined array key "tahun_target_poin"', 'C:\\Users\\agung\\Documents\\MATERI SEMESTER 7\\TugasAkhir\\KodeProgramDestask\\Destask\\app\\Views\\target_poin_harian\\modal_add_target_poinharian.php', 51)
 2 SYSTEMPATH\View\View.php(228): include('C:\\Users\\agung\\Documents\\MATERI SEMESTER 7\\TugasAkhir\\KodeProgramDestask\\Destask\\app\\Views\\target_poin_harian\\modal_add_target_poinharian.php')
 3 SYSTEMPATH\View\View.php(231): CodeIgniter\View\View->CodeIgniter\View\{closure}()
 4 SYSTEMPATH\View\View.php(469): CodeIgniter\View\View->render('target_poin_harian/modal_add_target_poinharian', null, true)
 5 APPPATH\Views\target_poin_harian\daftar_target_poin_harian.php(190): CodeIgniter\View\View->include('target_poin_harian/modal_add_target_poinharian')
 6 SYSTEMPATH\View\View.php(228): include('C:\\Users\\agung\\Documents\\MATERI SEMESTER 7\\TugasAkhir\\KodeProgramDestask\\Destask\\app\\Views\\target_poin_harian\\daftar_target_poin_harian.php')
 7 SYSTEMPATH\View\View.php(231): CodeIgniter\View\View->CodeIgniter\View\{closure}()
 8 SYSTEMPATH\Common.php(1190): CodeIgniter\View\View->render('target_poin_harian/daftar_target_poin_harian', [], true)
 9 APPPATH\Controllers\TargetPoinHarian.php(29): view('target_poin_harian/daftar_target_poin_harian', [...])
10 SYSTEMPATH\CodeIgniter.php(942): App\Controllers\TargetPoinHarian->daftar_target_poin_harian()
11 SYSTEMPATH\CodeIgniter.php(502): CodeIgniter\CodeIgniter->runController(Object(App\Controllers\TargetPoinHarian))
12 SYSTEMPATH\CodeIgniter.php(361): CodeIgniter\CodeIgniter->handleRequest(null, Object(Config\Cache), false)
13 FCPATH\index.php(80): CodeIgniter\CodeIgniter->run()
14 SYSTEMPATH\Commands\Server\rewrite.php(47): require_once('C:\\Users\\agung\\Documents\\MATERI SEMESTER 7\\TugasAkhir\\KodeProgramDestask\\Destask\\public\\index.php')
INFO - 2024-02-19 07:27:45 --> Session: Class initialized using 'CodeIgniter\Session\Handlers\FileHandler' driver.
CRITICAL - 2024-02-19 07:27:45 --> Undefined array key "tahun_target_poin"
in APPPATH\Views\target_poin_harian\modal_add_target_poinharian.php on line 51.
 1 APPPATH\Views\target_poin_harian\modal_add_target_poinharian.php(51): CodeIgniter\Debug\Exceptions->errorHandler(2, 'Undefined array key "tahun_target_poin"', 'C:\\Users\\agung\\Documents\\MATERI SEMESTER 7\\TugasAkhir\\KodeProgramDestask\\Destask\\app\\Views\\target_poin_harian\\modal_add_target_poinharian.php', 51)
 2 SYSTEMPATH\View\View.php(228): include('C:\\Users\\agung\\Documents\\MATERI SEMESTER 7\\TugasAkhir\\KodeProgramDestask\\Destask\\app\\Views\\target_poin_harian\\modal_add_target_poinharian.php')
 3 SYSTEMPATH\View\View.php(231): CodeIgniter\View\View->CodeIgniter\View\{closure}()
 4 SYSTEMPATH\View\View.php(469): CodeIgniter\View\View->render('target_poin_harian/modal_add_target_poinharian', null, true)
 5 APPPATH\Views\target_poin_harian\daftar_target_poin_harian.php(190): CodeIgniter\View\View->include('target_poin_harian/modal_add_target_poinharian')
 6 SYSTEMPATH\View\View.php(228): include('C:\\Users\\agung\\Documents\\MATERI SEMESTER 7\\TugasAkhir\\KodeProgramDestask\\Destask\\app\\Views\\target_poin_harian\\daftar_target_poin_harian.php')
 7 SYSTEMPATH\View\View.php(231): CodeIgniter\View\View->CodeIgniter\View\{closure}()
 8 SYSTEMPATH\Common.php(1190): CodeIgniter\View\View->render('target_poin_harian/daftar_target_poin_harian', [], true)
 9 APPPATH\Controllers\TargetPoinHarian.php(29): view('target_poin_harian/daftar_target_poin_harian', [...])
10 SYSTEMPATH\CodeIgniter.php(942): App\Controllers\TargetPoinHarian->daftar_target_poin_harian()
11 SYSTEMPATH\CodeIgniter.php(502): CodeIgniter\CodeIgniter->runController(Object(App\Controllers\TargetPoinHarian))
12 SYSTEMPATH\CodeIgniter.php(361): CodeIgniter\CodeIgniter->handleRequest(null, Object(Config\Cache), false)
13 FCPATH\index.php(80): CodeIgniter\CodeIgniter->run()
14 SYSTEMPATH\Commands\Server\rewrite.php(47): require_once('C:\\Users\\agung\\Documents\\MATERI SEMESTER 7\\TugasAkhir\\KodeProgramDestask\\Destask\\public\\index.php')
INFO - 2024-02-19 07:27:48 --> Session: Class initialized using 'CodeIgniter\Session\Handlers\FileHandler' driver.
CRITICAL - 2024-02-19 07:27:48 --> Undefined array key "tahun_target_poin"
in APPPATH\Views\target_poin_harian\modal_add_target_poinharian.php on line 51.
 1 APPPATH\Views\target_poin_harian\modal_add_target_poinharian.php(51): CodeIgniter\Debug\Exceptions->errorHandler(2, 'Undefined array key "tahun_target_poin"', 'C:\\Users\\agung\\Documents\\MATERI SEMESTER 7\\TugasAkhir\\KodeProgramDestask\\Destask\\app\\Views\\target_poin_harian\\modal_add_target_poinharian.php', 51)
 2 SYSTEMPATH\View\View.php(228): include('C:\\Users\\agung\\Documents\\MATERI SEMESTER 7\\TugasAkhir\\KodeProgramDestask\\Destask\\app\\Views\\target_poin_harian\\modal_add_target_poinharian.php')
 3 SYSTEMPATH\View\View.php(231): CodeIgniter\View\View->CodeIgniter\View\{closure}()
 4 SYSTEMPATH\View\View.php(469): CodeIgniter\View\View->render('target_poin_harian/modal_add_target_poinharian', null, true)
 5 APPPATH\Views\target_poin_harian\daftar_target_poin_harian.php(190): CodeIgniter\View\View->include('target_poin_harian/modal_add_target_poinharian')
 6 SYSTEMPATH\View\View.php(228): include('C:\\Users\\agung\\Documents\\MATERI SEMESTER 7\\TugasAkhir\\KodeProgramDestask\\Destask\\app\\Views\\target_poin_harian\\daftar_target_poin_harian.php')
 7 SYSTEMPATH\View\View.php(231): CodeIgniter\View\View->CodeIgniter\View\{closure}()
 8 SYSTEMPATH\Common.php(1190): CodeIgniter\View\View->render('target_poin_harian/daftar_target_poin_harian', [], true)
 9 APPPATH\Controllers\TargetPoinHarian.php(29): view('target_poin_harian/daftar_target_poin_harian', [...])
10 SYSTEMPATH\CodeIgniter.php(942): App\Controllers\TargetPoinHarian->daftar_target_poin_harian()
11 SYSTEMPATH\CodeIgniter.php(502): CodeIgniter\CodeIgniter->runController(Object(App\Controllers\TargetPoinHarian))
12 SYSTEMPATH\CodeIgniter.php(361): CodeIgniter\CodeIgniter->handleRequest(null, Object(Config\Cache), false)
13 FCPATH\index.php(80): CodeIgniter\CodeIgniter->run()
14 SYSTEMPATH\Commands\Server\rewrite.php(47): require_once('C:\\Users\\agung\\Documents\\MATERI SEMESTER 7\\TugasAkhir\\KodeProgramDestask\\Destask\\public\\index.php')
INFO - 2024-02-19 07:29:34 --> Session: Class initialized using 'CodeIgniter\Session\Handlers\FileHandler' driver.
INFO - 2024-02-19 07:29:45 --> CSRF token verified.
INFO - 2024-02-19 07:29:45 --> Session: Class initialized using 'CodeIgniter\Session\Handlers\FileHandler' driver.
INFO - 2024-02-19 07:29:46 --> Session: Class initialized using 'CodeIgniter\Session\Handlers\FileHandler' driver.
INFO - 2024-02-19 07:30:49 --> Session: Class initialized using 'CodeIgniter\Session\Handlers\FileHandler' driver.
INFO - 2024-02-19 07:35:45 --> Session: Class initialized using 'CodeIgniter\Session\Handlers\FileHandler' driver.
INFO - 2024-02-19 07:37:06 --> Session: Class initialized using 'CodeIgniter\Session\Handlers\FileHandler' driver.
INFO - 2024-02-19 07:56:29 --> Session: Class initialized using 'CodeIgniter\Session\Handlers\FileHandler' driver.
INFO - 2024-02-19 07:59:16 --> Session: Class initialized using 'CodeIgniter\Session\Handlers\FileHandler' driver.
INFO - 2024-02-19 07:59:38 --> CSRF token verified.
INFO - 2024-02-19 07:59:38 --> Session: Class initialized using 'CodeIgniter\Session\Handlers\FileHandler' driver.
INFO - 2024-02-19 07:59:38 --> Session: Class initialized using 'CodeIgniter\Session\Handlers\FileHandler' driver.
INFO - 2024-02-19 08:14:56 --> Session: Class initialized using 'CodeIgniter\Session\Handlers\FileHandler' driver.
INFO - 2024-02-19 08:15:14 --> CSRF token verified.
INFO - 2024-02-19 08:15:14 --> Session: Class initialized using 'CodeIgniter\Session\Handlers\FileHandler' driver.
INFO - 2024-02-19 08:15:14 --> Session: Class initialized using 'CodeIgniter\Session\Handlers\FileHandler' driver.
INFO - 2024-02-19 08:15:43 --> CSRF token verified.
INFO - 2024-02-19 08:15:43 --> Session: Class initialized using 'CodeIgniter\Session\Handlers\FileHandler' driver.
INFO - 2024-02-19 08:15:43 --> Session: Class initialized using 'CodeIgniter\Session\Handlers\FileHandler' driver.
INFO - 2024-02-19 08:16:41 --> Session: Class initialized using 'CodeIgniter\Session\Handlers\FileHandler' driver.
INFO - 2024-02-19 09:22:09 --> Session: Class initialized using 'CodeIgniter\Session\Handlers\FileHandler' driver.
INFO - 2024-02-19 09:23:00 --> Session: Class initialized using 'CodeIgniter\Session\Handlers\FileHandler' driver.
INFO - 2024-02-19 09:23:16 --> Session: Class initialized using 'CodeIgniter\Session\Handlers\FileHandler' driver.
INFO - 2024-02-19 09:23:16 --> Session: Class initialized using 'CodeIgniter\Session\Handlers\FileHandler' driver.
INFO - 2024-02-19 09:23:29 --> CSRF token verified.
INFO - 2024-02-19 09:23:29 --> Session: Class initialized using 'CodeIgniter\Session\Handlers\FileHandler' driver.
INFO - 2024-02-19 09:23:29 --> Session: Class initialized using 'CodeIgniter\Session\Handlers\FileHandler' driver.
INFO - 2024-02-19 09:23:34 --> Session: Class initialized using 'CodeIgniter\Session\Handlers\FileHandler' driver.
INFO - 2024-02-19 09:23:35 --> Session: Class initialized using 'CodeIgniter\Session\Handlers\FileHandler' driver.
INFO - 2024-02-19 09:25:11 --> Session: Class initialized using 'CodeIgniter\Session\Handlers\FileHandler' driver.
INFO - 2024-02-19 09:25:14 --> Session: Class initialized using 'CodeIgniter\Session\Handlers\FileHandler' driver.
INFO - 2024-02-19 09:25:21 --> Session: Class initialized using 'CodeIgniter\Session\Handlers\FileHandler' driver.
INFO - 2024-02-19 09:25:22 --> Session: Class initialized using 'CodeIgniter\Session\Handlers\FileHandler' driver.
INFO - 2024-02-19 09:27:34 --> Session: Class initialized using 'CodeIgniter\Session\Handlers\FileHandler' driver.
