CRITICAL - 2025-02-03 13:15:13 --> CodeIgniter\Security\Exceptions\SecurityException: The action you requested is not allowed.
in SYSTEMPATH/Security/Security.php on line 300.
 1 SYSTEMPATH/Security/Security.php(300): CodeIgniter\Security\Exceptions\SecurityException::forDisallowedAction()
 2 SYSTEMPATH/Filters/CSRF.php(56): CodeIgniter\Security\Security->verify()
 3 SYSTEMPATH/Filters/Filters.php(184): CodeIgniter\Filters\CSRF->before()
 4 SYSTEMPATH/CodeIgniter.php(474): CodeIgniter\Filters\Filters->run()
 5 SYSTEMPATH/CodeIgniter.php(361): CodeIgniter\CodeIgniter->handleRequest()
 6 FCPATH/index.php(80): CodeIgniter\CodeIgniter->run()
CRITICAL - 2025-02-03 13:16:28 --> CodeIgniter\Security\Exceptions\SecurityException: The action you requested is not allowed.
in SYSTEMPATH/Security/Security.php on line 300.
 1 SYSTEMPATH/Security/Security.php(300): CodeIgniter\Security\Exceptions\SecurityException::forDisallowedAction()
 2 SYSTEMPATH/Filters/CSRF.php(56): CodeIgniter\Security\Security->verify()
 3 SYSTEMPATH/Filters/Filters.php(184): CodeIgniter\Filters\CSRF->before()
 4 SYSTEMPATH/CodeIgniter.php(474): CodeIgniter\Filters\Filters->run()
 5 SYSTEMPATH/CodeIgniter.php(361): CodeIgniter\CodeIgniter->handleRequest()
 6 FCPATH/index.php(80): CodeIgniter\CodeIgniter->run()
CRITICAL - 2025-02-03 15:50:56 --> CodeIgniter\Security\Exceptions\SecurityException: The action you requested is not allowed.
in SYSTEMPATH/Security/Security.php on line 300.
 1 SYSTEMPATH/Security/Security.php(300): CodeIgniter\Security\Exceptions\SecurityException::forDisallowedAction()
 2 SYSTEMPATH/Filters/CSRF.php(56): CodeIgniter\Security\Security->verify()
 3 SYSTEMPATH/Filters/Filters.php(184): CodeIgniter\Filters\CSRF->before()
 4 SYSTEMPATH/CodeIgniter.php(474): CodeIgniter\Filters\Filters->run()
 5 SYSTEMPATH/CodeIgniter.php(361): CodeIgniter\CodeIgniter->handleRequest()
 6 FCPATH/index.php(80): CodeIgniter\CodeIgniter->run()
CRITICAL - 2025-02-03 15:51:02 --> CodeIgniter\Security\Exceptions\SecurityException: The action you requested is not allowed.
in SYSTEMPATH/Security/Security.php on line 300.
 1 SYSTEMPATH/Security/Security.php(300): CodeIgniter\Security\Exceptions\SecurityException::forDisallowedAction()
 2 SYSTEMPATH/Filters/CSRF.php(56): CodeIgniter\Security\Security->verify()
 3 SYSTEMPATH/Filters/Filters.php(184): CodeIgniter\Filters\CSRF->before()
 4 SYSTEMPATH/CodeIgniter.php(474): CodeIgniter\Filters\Filters->run()
 5 SYSTEMPATH/CodeIgniter.php(361): CodeIgniter\CodeIgniter->handleRequest()
 6 FCPATH/index.php(80): CodeIgniter\CodeIgniter->run()
CRITICAL - 2025-02-03 15:51:49 --> CodeIgniter\Security\Exceptions\SecurityException: The action you requested is not allowed.
in SYSTEMPATH/Security/Security.php on line 300.
 1 SYSTEMPATH/Security/Security.php(300): CodeIgniter\Security\Exceptions\SecurityException::forDisallowedAction()
 2 SYSTEMPATH/Filters/CSRF.php(56): CodeIgniter\Security\Security->verify()
 3 SYSTEMPATH/Filters/Filters.php(184): CodeIgniter\Filters\CSRF->before()
 4 SYSTEMPATH/CodeIgniter.php(474): CodeIgniter\Filters\Filters->run()
 5 SYSTEMPATH/CodeIgniter.php(361): CodeIgniter\CodeIgniter->handleRequest()
 6 FCPATH/index.php(80): CodeIgniter\CodeIgniter->run()
CRITICAL - 2025-02-03 16:01:44 --> CodeIgniter\Security\Exceptions\SecurityException: The action you requested is not allowed.
in SYSTEMPATH/Security/Security.php on line 300.
 1 SYSTEMPATH/Security/Security.php(300): CodeIgniter\Security\Exceptions\SecurityException::forDisallowedAction()
 2 SYSTEMPATH/Filters/CSRF.php(56): CodeIgniter\Security\Security->verify()
 3 SYSTEMPATH/Filters/Filters.php(184): CodeIgniter\Filters\CSRF->before()
 4 SYSTEMPATH/CodeIgniter.php(474): CodeIgniter\Filters\Filters->run()
 5 SYSTEMPATH/CodeIgniter.php(361): CodeIgniter\CodeIgniter->handleRequest()
 6 FCPATH/index.php(80): CodeIgniter\CodeIgniter->run()
